Log file open, 12/30/20 16:18:12
LogWindows: Failed to load 'aqProf.dll' (GetLastError=126)
LogWindows: File 'aqProf.dll' does not exist
LogWindows: Failed to load 'VtuneApi.dll' (GetLastError=126)
LogWindows: File 'VtuneApi.dll' does not exist
LogWindows: Failed to load 'VtuneApi32e.dll' (GetLastError=126)
LogWindows: File 'VtuneApi32e.dll' does not exist
LogConsoleResponse: Display: Failed to find resolution value strings in scalability ini. Falling back to default.
LogInit: Display: Running engine for game: AudioVisualizer
LogPlatformFile: Not using cached read wrapper
LogTaskGraph: Started task graph with 5 named threads and 47 total threads with 3 sets of task threads.
LogStats: Stats thread started at 0.137624
LogD3D11RHI: Loaded GFSDK_Aftermath_Lib.x64.dll
LogICUInternationalization: ICU TimeZone Detection - Raw Offset: -5:00, Platform Override: ''
LogPluginManager: Mounting plugin Paper2D
LogPluginManager: Mounting plugin AISupport
LogPluginManager: Mounting plugin LightPropagationVolume
LogPluginManager: Mounting plugin ActorLayerUtilities
LogPluginManager: Mounting plugin AnimationSharing
LogPluginManager: Mounting plugin CLionSourceCodeAccess
LogPluginManager: Mounting plugin CodeLiteSourceCodeAccess
LogPluginManager: Mounting plugin GitSourceControl
LogPluginManager: Mounting plugin KDevelopSourceCodeAccess
LogPluginManager: Mounting plugin NullSourceCodeAccess
LogPluginManager: Mounting plugin PerforceSourceControl
LogPluginManager: Mounting plugin PlasticSourceControl
LogPluginManager: Mounting plugin SubversionSourceControl
LogPluginManager: Mounting plugin UObjectPlugin
LogPluginManager: Mounting plugin VisualStudioCodeSourceCodeAccess
LogPluginManager: Mounting plugin VisualStudioSourceCodeAccess
LogPluginManager: Mounting plugin XCodeSourceCodeAccess
LogPluginManager: Mounting plugin AssetManagerEditor
LogPluginManager: Mounting plugin CryptoKeys
LogPluginManager: Mounting plugin CurveEditorTools
LogPluginManager: Mounting plugin DataValidation
LogPluginManager: Mounting plugin FacialAnimation
LogPluginManager: Mounting plugin GameplayTagsEditor
LogPluginManager: Mounting plugin MacGraphicsSwitching
LogPluginManager: Mounting plugin MaterialAnalyzer
LogPluginManager: Mounting plugin MobileLauncherProfileWizard
LogPluginManager: Mounting plugin PluginBrowser
LogPluginManager: Mounting plugin SpeedTreeImporter
LogPluginManager: Mounting plugin DatasmithContent
LogPluginManager: Mounting plugin VariantManagerContent
LogPluginManager: Mounting plugin AlembicImporter
LogPluginManager: Mounting plugin AutomationUtils
LogPluginManager: Mounting plugin BackChannel
LogPluginManager: Mounting plugin CharacterAI
LogPluginManager: Mounting plugin GeometryCache
LogPluginManager: Mounting plugin PlatformCrypto
LogPluginManager: Mounting plugin ProxyLODPlugin
LogPluginManager: Mounting plugin SkeletalReduction
LogPluginManager: Mounting plugin MagicLeap
LogPluginManager: Mounting plugin MagicLeapMedia
LogPluginManager: Mounting plugin MLSDK
LogPluginManager: Mounting plugin AndroidMedia
LogPluginManager: Mounting plugin AvfMedia
LogPluginManager: Mounting plugin ImgMedia
LogPluginManager: Mounting plugin MediaCompositing
LogPluginManager: Mounting plugin MediaPlayerEditor
LogPluginManager: Mounting plugin WebMMedia
LogPluginManager: Mounting plugin WmfMedia
LogPluginManager: Mounting plugin TcpMessaging
LogPluginManager: Mounting plugin UdpMessaging
LogPluginManager: Mounting plugin ActorSequence
LogPluginManager: Mounting plugin LevelSequenceEditor
LogPluginManager: Mounting plugin MatineeToLevelSequence
LogPluginManager: Mounting plugin NetcodeUnitTest
LogPluginManager: Mounting plugin NUTUnrealEngine4
LogPluginManager: Mounting plugin OnlineSubsystemGooglePlay
LogPluginManager: Mounting plugin OnlineSubsystemIOS
LogPluginManager: Mounting plugin OnlineSubsystem
LogPluginManager: Mounting plugin OnlineSubsystemNull
LogPluginManager: Mounting plugin OnlineSubsystemUtils
LogPluginManager: Mounting plugin LauncherChunkInstaller
LogPluginManager: Mounting plugin AndroidDeviceProfileSelector
LogPluginManager: Mounting plugin AndroidMoviePlayer
LogPluginManager: Mounting plugin AndroidPermission
LogPluginManager: Mounting plugin AppleImageUtils
LogPluginManager: Mounting plugin AppleMoviePlayer
LogPluginManager: Mounting plugin ArchVisCharacter
LogPluginManager: Mounting plugin AssetTags
LogPluginManager: Mounting plugin AudioCapture
LogPluginManager: Mounting plugin CableComponent
LogPluginManager: Mounting plugin CustomMeshComponent
LogPluginManager: Mounting plugin EditableMesh
LogPluginManager: Mounting plugin ExampleDeviceProfileSelector
LogPluginManager: Mounting plugin GoogleCloudMessaging
LogPluginManager: Mounting plugin IOSDeviceProfileSelector
LogPluginManager: Mounting plugin LinuxDeviceProfileSelector
LogPluginManager: Mounting plugin LocationServicesBPLibrary
LogPluginManager: Mounting plugin MobilePatchingUtils
LogPluginManager: Mounting plugin OculusVR
LogPluginManager: Mounting plugin PhysXVehicles
LogPluginManager: Mounting plugin PostSplashScreen
LogPluginManager: Mounting plugin ProceduralMeshComponent
LogPluginManager: Mounting plugin RuntimePhysXCooking
LogPluginManager: Mounting plugin SignificanceManager
LogPluginManager: Mounting plugin SoundVisualizations
LogPluginManager: Mounting plugin SteamVR
LogPluginManager: Mounting plugin WebMMoviePlayer
LogPluginManager: Mounting plugin WindowsMoviePlayer
LogPluginManager: Mounting plugin ScreenshotTools
LogInit: Using libcurl 7.55.1-DEV
LogInit:  - built for x86_64-pc-win32
LogInit:  - supports SSL with OpenSSL/1.1.1
LogInit:  - supports HTTP deflate (compression) using libz 1.2.8
LogInit:  - other features:
LogInit:      CURL_VERSION_SSL
LogInit:      CURL_VERSION_LIBZ
LogInit:      CURL_VERSION_IPV6
LogInit:      CURL_VERSION_ASYNCHDNS
LogInit:      CURL_VERSION_LARGEFILE
LogInit:      CURL_VERSION_IDN
LogInit:  CurlRequestOptions (configurable via config and command line):
LogInit:  - bVerifyPeer = true  - Libcurl will verify peer certificate
LogInit:  - bUseHttpProxy = false  - Libcurl will NOT use HTTP proxy
LogInit:  - bDontReuseConnections = false  - Libcurl will reuse connections
LogInit:  - MaxHostConnections = 16  - Libcurl will limit the number of connections to a host
LogInit:  - LocalHostAddr = Default
LogInit:  - BufferSize = 65536
LogOnline: OSS: Creating online subsystem instance for: NULL
LogInit: WinSock: version 1.1 (2.2), MaxSocks=32767, MaxUdp=65467
LogOnline: OSS: TryLoadSubsystemAndSetDefault: Loaded subsystem for module [NULL]
LogInit: Build: ++UE4+Release-4.24-CL-11590370
LogInit: Engine Version: 4.24.3-11590370+++UE4+Release-4.24
LogInit: Compatible Engine Version: 4.24.0-10570792+++UE4+Release-4.24
LogInit: Net CL: 10570792
LogInit: OS: Windows 10 (Release 1909) (), CPU: AMD Ryzen 7 3700X 8-Core Processor             , GPU: NVIDIA GeForce RTX 2080 Ti
LogInit: Compiled (64-bit): Feb 24 2020 15:39:18
LogInit: Compiled with Visual C++: 19.16.27032.01
LogInit: Build Configuration: Development
LogInit: Branch Name: ++UE4+Release-4.24
LogInit: Command Line:  -skipcompile
LogInit: Base Directory: C:/Program Files/Epic Games/UE_4.24/Engine/Binaries/Win64/
LogInit: Installed Engine Build: 1
LogDevObjectVersion: Number of dev versions registered: 25
LogDevObjectVersion:   Dev-Blueprints (B0D832E4-1F89-4F0D-ACCF-7EB736FD4AA2): 10
LogDevObjectVersion:   Dev-Build (E1C64328-A22C-4D53-A36C-8E866417BD8C): 0
LogDevObjectVersion:   Dev-Core (375EC13C-06E4-48FB-B500-84F0262A717E): 3
LogDevObjectVersion:   Dev-Editor (E4B068ED-F494-42E9-A231-DA0B2E46BB41): 37
LogDevObjectVersion:   Dev-Framework (CFFC743F-43B0-4480-9391-14DF171D2073): 36
LogDevObjectVersion:   Dev-Mobile (B02B49B5-BB20-44E9-A304-32B752E40360): 2
LogDevObjectVersion:   Dev-Networking (A4E4105C-59A1-49B5-A7C5-40C4547EDFEE): 0
LogDevObjectVersion:   Dev-Online (39C831C9-5AE6-47DC-9A44-9C173E1C8E7C): 0
LogDevObjectVersion:   Dev-Physics (78F01B33-EBEA-4F98-B9B4-84EACCB95AA2): 2
LogDevObjectVersion:   Dev-Platform (6631380F-2D4D-43E0-8009-CF276956A95A): 0
LogDevObjectVersion:   Dev-Rendering (12F88B9F-8875-4AFC-A67C-D90C383ABD29): 36
LogDevObjectVersion:   Dev-Sequencer (7B5AE74C-D270-4C10-A958-57980B212A5A): 11
LogDevObjectVersion:   Dev-VR (D7296918-1DD6-4BDD-9DE2-64A83CC13884): 2
LogDevObjectVersion:   Dev-LoadTimes (C2A15278-BFE7-4AFE-6C17-90FF531DF755): 1
LogDevObjectVersion:   Private-Geometry (6EACA3D4-40EC-4CC1-B786-8BED09428FC5): 3
LogDevObjectVersion:   Dev-AnimPhys (29E575DD-E0A3-4627-9D10-D276232CDCEA): 17
LogDevObjectVersion:   Dev-Anim (AF43A65D-7FD3-4947-9873-3E8ED9C1BB05): 2
LogDevObjectVersion:   Dev-ReflectionCapture (6B266CEC-1EC7-4B8F-A30B-E4D90942FC07): 1
LogDevObjectVersion:   Dev-Automation (0DF73D61-A23F-47EA-B727-89E90C41499A): 1
LogDevObjectVersion:   FortniteMain (601D1886-AC64-4F84-AA16-D3DE0DEAC7D6): 31
LogDevObjectVersion:   Dev-Enterprise (9DFFBCD6-494F-0158-E221-12823C92A888): 8
LogDevObjectVersion:   Dev-Niagara (F2AED0AC-9AFE-416F-8664-AA7FFA26D6FC): 1
LogDevObjectVersion:   Dev-Destruction (174F1F0B-B4C6-45A5-B13F-2EE8D0FB917D): 9
LogDevObjectVersion:   Dev-Physics-Ext (35F94A83-E258-406C-A318-09F59610247C): 8
LogDevObjectVersion:   Dev-CineCamera (B2E18506-4273-CFC2-A54E-F4BB758BBA07): 1
LogInit: Presizing for max 25165824 objects, including 0 objects not considered by GC, pre-allocating 0 bytes for permanent pool.
LogInit: Object subsystem initialized
LogConfig: Setting CVar [[con.DebugEarlyDefault:1]]
LogConfig: Setting CVar [[r.setres:1280x720]]
[2020.12.30-21.18.13:169][  0]LogConfig: Setting CVar [[r.VSync:0]]
[2020.12.30-21.18.13:169][  0]LogConfig: Setting CVar [[r.RHICmdBypass:0]]
[2020.12.30-21.18.13:169][  0]LogConfig: Applying CVar settings from Section [/Script/Engine.RendererSettings] File [E:/Repos/UE4-AudioVisualizer/AudioVisualizer/Saved/Config/Windows/Engine.ini]
[2020.12.30-21.18.13:169][  0]LogConfig: Setting CVar [[r.GPUCrashDebugging:0]]
[2020.12.30-21.18.13:169][  0]LogConfig: Applying CVar settings from Section [/Script/Engine.RendererOverrideSettings] File [E:/Repos/UE4-AudioVisualizer/AudioVisualizer/Saved/Config/Windows/Engine.ini]
[2020.12.30-21.18.13:169][  0]LogConfig: Applying CVar settings from Section [/Script/Engine.StreamingSettings] File [E:/Repos/UE4-AudioVisualizer/AudioVisualizer/Saved/Config/Windows/Engine.ini]
[2020.12.30-21.18.13:169][  0]LogConfig: Setting CVar [[s.MinBulkDataSizeForAsyncLoading:131072]]
[2020.12.30-21.18.13:169][  0]LogConfig: Setting CVar [[s.AsyncLoadingThreadEnabled:0]]
[2020.12.30-21.18.13:169][  0]LogConfig: Setting CVar [[s.EventDrivenLoaderEnabled:1]]
[2020.12.30-21.18.13:169][  0]LogConfig: Setting CVar [[s.WarnIfTimeLimitExceeded:0]]
[2020.12.30-21.18.13:169][  0]LogConfig: Setting CVar [[s.TimeLimitExceededMultiplier:1.5]]
[2020.12.30-21.18.13:169][  0]LogConfig: Setting CVar [[s.TimeLimitExceededMinTime:0.005]]
[2020.12.30-21.18.13:169][  0]LogConfig: Setting CVar [[s.UseBackgroundLevelStreaming:1]]
[2020.12.30-21.18.13:170][  0]LogConfig: Setting CVar [[s.PriorityAsyncLoadingExtraTime:15.0]]
[2020.12.30-21.18.13:170][  0]LogConfig: Setting CVar [[s.LevelStreamingActorsUpdateTimeLimit:5.0]]
[2020.12.30-21.18.13:170][  0]LogConfig: Setting CVar [[s.PriorityLevelStreamingActorsUpdateExtraTime:5.0]]
[2020.12.30-21.18.13:170][  0]LogConfig: Setting CVar [[s.LevelStreamingComponentsRegistrationGranularity:10]]
[2020.12.30-21.18.13:170][  0]LogConfig: Setting CVar [[s.UnregisterComponentsTimeLimit:1.0]]
[2020.12.30-21.18.13:170][  0]LogConfig: Setting CVar [[s.LevelStreamingComponentsUnregistrationGranularity:5]]
[2020.12.30-21.18.13:170][  0]LogConfig: Setting CVar [[s.FlushStreamingOnExit:1]]
[2020.12.30-21.18.13:170][  0]LogConfig: Applying CVar settings from Section [/Script/Engine.GarbageCollectionSettings] File [E:/Repos/UE4-AudioVisualizer/AudioVisualizer/Saved/Config/Windows/Engine.ini]
[2020.12.30-21.18.13:170][  0]LogConfig: Setting CVar [[gc.MaxObjectsNotConsideredByGC:1]]
[2020.12.30-21.18.13:170][  0]LogConfig: Setting CVar [[gc.SizeOfPermanentObjectPool:0]]
[2020.12.30-21.18.13:170][  0]LogConfig: Setting CVar [[gc.FlushStreamingOnGC:0]]
[2020.12.30-21.18.13:170][  0]LogConfig: Setting CVar [[gc.NumRetriesBeforeForcingGC:10]]
[2020.12.30-21.18.13:170][  0]LogConfig: Setting CVar [[gc.AllowParallelGC:1]]
[2020.12.30-21.18.13:170][  0]LogConfig: Setting CVar [[gc.TimeBetweenPurgingPendingKillObjects:61.1]]
[2020.12.30-21.18.13:170][  0]LogConfig: Setting CVar [[gc.MaxObjectsInEditor:25165824]]
[2020.12.30-21.18.13:170][  0]LogConfig: Setting CVar [[gc.IncrementalBeginDestroyEnabled:1]]
[2020.12.30-21.18.13:170][  0]LogConfig: Setting CVar [[gc.CreateGCClusters:1]]
[2020.12.30-21.18.13:170][  0]LogConfig: Setting CVar [[gc.MinGCClusterSize:5]]
[2020.12.30-21.18.13:170][  0]LogConfig: Setting CVar [[gc.ActorClusteringEnabled:0]]
[2020.12.30-21.18.13:170][  0]LogConfig: Setting CVar [[gc.BlueprintClusteringEnabled:0]]
[2020.12.30-21.18.13:170][  0]LogConfig: Setting CVar [[gc.UseDisregardForGCOnDedicatedServers:0]]
[2020.12.30-21.18.13:170][  0]LogConfig: Applying CVar settings from Section [/Script/Engine.NetworkSettings] File [E:/Repos/UE4-AudioVisualizer/AudioVisualizer/Saved/Config/Windows/Engine.ini]
[2020.12.30-21.18.13:170][  0]LogConfig: Applying CVar settings from Section [/Script/UnrealEd.CookerSettings] File [E:/Repos/UE4-AudioVisualizer/AudioVisualizer/Saved/Config/Windows/Engine.ini]
[2020.12.30-21.18.13:177][  0]LogConfig: Applying CVar settings from Section [ViewDistanceQuality@3] File [E:/Repos/UE4-AudioVisualizer/AudioVisualizer/Saved/Config/Windows/Scalability.ini]
[2020.12.30-21.18.13:177][  0]LogConfig: Setting CVar [[r.SkeletalMeshLODBias:0]]
[2020.12.30-21.18.13:177][  0]LogConfig: Setting CVar [[r.ViewDistanceScale:1.0]]
[2020.12.30-21.18.13:177][  0]LogConfig: Applying CVar settings from Section [AntiAliasingQuality@3] File [E:/Repos/UE4-AudioVisualizer/AudioVisualizer/Saved/Config/Windows/Scalability.ini]
[2020.12.30-21.18.13:177][  0]LogConfig: Setting CVar [[r.PostProcessAAQuality:4]]
[2020.12.30-21.18.13:177][  0]LogConfig: Applying CVar settings from Section [ShadowQuality@3] File [E:/Repos/UE4-AudioVisualizer/AudioVisualizer/Saved/Config/Windows/Scalability.ini]
[2020.12.30-21.18.13:177][  0]LogConfig: Setting CVar [[r.LightFunctionQuality:1]]
[2020.12.30-21.18.13:177][  0]LogConfig: Setting CVar [[r.ShadowQuality:5]]
[2020.12.30-21.18.13:177][  0]LogConfig: Setting CVar [[r.Shadow.CSM.MaxCascades:10]]
[2020.12.30-21.18.13:177][  0]LogConfig: Setting CVar [[r.Shadow.MaxResolution:2048]]
[2020.12.30-21.18.13:177][  0]LogConfig: Setting CVar [[r.Shadow.MaxCSMResolution:2048]]
[2020.12.30-21.18.13:177][  0]LogConfig: Setting CVar [[r.Shadow.RadiusThreshold:0.01]]
[2020.12.30-21.18.13:177][  0]LogConfig: Setting CVar [[r.Shadow.DistanceScale:1.0]]
[2020.12.30-21.18.13:178][  0]LogConfig: Setting CVar [[r.Shadow.CSM.TransitionScale:1.0]]
[2020.12.30-21.18.13:178][  0]LogConfig: Setting CVar [[r.Shadow.PreShadowResolutionFactor:1.0]]
[2020.12.30-21.18.13:178][  0]LogConfig: Setting CVar [[r.DistanceFieldShadowing:1]]
[2020.12.30-21.18.13:178][  0]LogConfig: Setting CVar [[r.DistanceFieldAO:1]]
[2020.12.30-21.18.13:178][  0]LogConfig: Setting CVar [[r.AOQuality:2]]
[2020.12.30-21.18.13:178][  0]LogConfig: Setting CVar [[r.VolumetricFog:1]]
[2020.12.30-21.18.13:178][  0]LogConfig: Setting CVar [[r.VolumetricFog.GridPixelSize:8]]
[2020.12.30-21.18.13:178][  0]LogConfig: Setting CVar [[r.VolumetricFog.GridSizeZ:128]]
[2020.12.30-21.18.13:178][  0]LogConfig: Setting CVar [[r.VolumetricFog.HistoryMissSupersampleCount:4]]
[2020.12.30-21.18.13:178][  0]LogConfig: Setting CVar [[r.LightMaxDrawDistanceScale:1]]
[2020.12.30-21.18.13:178][  0]LogConfig: Setting CVar [[r.CapsuleShadows:1]]
[2020.12.30-21.18.13:178][  0]LogConfig: Applying CVar settings from Section [PostProcessQuality@3] File [E:/Repos/UE4-AudioVisualizer/AudioVisualizer/Saved/Config/Windows/Scalability.ini]
[2020.12.30-21.18.13:178][  0]LogConfig: Setting CVar [[r.MotionBlurQuality:4]]
[2020.12.30-21.18.13:178][  0]LogConfig: Setting CVar [[r.AmbientOcclusionMipLevelFactor:0.4]]
[2020.12.30-21.18.13:178][  0]LogConfig: Setting CVar [[r.AmbientOcclusionMaxQuality:100]]
[2020.12.30-21.18.13:178][  0]LogConfig: Setting CVar [[r.AmbientOcclusionLevels:-1]]
[2020.12.30-21.18.13:178][  0]LogConfig: Setting CVar [[r.AmbientOcclusionRadiusScale:1.0]]
[2020.12.30-21.18.13:178][  0]LogConfig: Setting CVar [[r.DepthOfFieldQuality:2]]
[2020.12.30-21.18.13:178][  0]LogConfig: Setting CVar [[r.RenderTargetPoolMin:400]]
[2020.12.30-21.18.13:178][  0]LogConfig: Setting CVar [[r.LensFlareQuality:2]]
[2020.12.30-21.18.13:178][  0]LogConfig: Setting CVar [[r.SceneColorFringeQuality:1]]
[2020.12.30-21.18.13:178][  0]LogConfig: Setting CVar [[r.EyeAdaptationQuality:2]]
[2020.12.30-21.18.13:178][  0]LogConfig: Setting CVar [[r.BloomQuality:5]]
[2020.12.30-21.18.13:179][  0]LogConfig: Setting CVar [[r.FastBlurThreshold:100]]
[2020.12.30-21.18.13:179][  0]LogConfig: Setting CVar [[r.Upscale.Quality:3]]
[2020.12.30-21.18.13:179][  0]LogConfig: Setting CVar [[r.Tonemapper.GrainQuantization:1]]
[2020.12.30-21.18.13:179][  0]LogConfig: Setting CVar [[r.LightShaftQuality:1]]
[2020.12.30-21.18.13:179][  0]LogConfig: Setting CVar [[r.Filter.SizeScale:1]]
[2020.12.30-21.18.13:179][  0]LogConfig: Setting CVar [[r.Tonemapper.Quality:5]]
[2020.12.30-21.18.13:179][  0]LogConfig: Setting CVar [[r.DOF.Gather.AccumulatorQuality:1        ; higher gathering accumulator quality]]
[2020.12.30-21.18.13:179][  0]LogConfig: Setting CVar [[r.DOF.Gather.PostfilterMethod:1          ; Median3x3 postfilering method]]
[2020.12.30-21.18.13:179][  0]LogConfig: Setting CVar [[r.DOF.Gather.EnableBokehSettings:0       ; no bokeh simulation when gathering]]
[2020.12.30-21.18.13:179][  0]LogConfig: Setting CVar [[r.DOF.Gather.RingCount:4                 ; medium number of samples when gathering]]
[2020.12.30-21.18.13:179][  0]LogConfig: Setting CVar [[r.DOF.Scatter.ForegroundCompositing:1    ; additive foreground scattering]]
[2020.12.30-21.18.13:179][  0]LogConfig: Setting CVar [[r.DOF.Scatter.BackgroundCompositing:2    ; additive background scattering]]
[2020.12.30-21.18.13:179][  0]LogConfig: Setting CVar [[r.DOF.Scatter.EnableBokehSettings:1      ; bokeh simulation when scattering]]
[2020.12.30-21.18.13:179][  0]LogConfig: Setting CVar [[r.DOF.Scatter.MaxSpriteRatio:0.1         ; only a maximum of 10% of scattered bokeh]]
[2020.12.30-21.18.13:179][  0]LogConfig: Setting CVar [[r.DOF.Recombine.Quality:1                ; cheap slight out of focus]]
[2020.12.30-21.18.13:179][  0]LogConfig: Setting CVar [[r.DOF.Recombine.EnableBokehSettings:0    ; no bokeh simulation on slight out of focus]]
[2020.12.30-21.18.13:179][  0]LogConfig: Setting CVar [[r.DOF.TemporalAAQuality:1                ; more stable temporal accumulation]]
[2020.12.30-21.18.13:179][  0]LogConfig: Setting CVar [[r.DOF.Kernel.MaxForegroundRadius:0.025]]
[2020.12.30-21.18.13:179][  0]LogConfig: Setting CVar [[r.DOF.Kernel.MaxBackgroundRadius:0.025]]
[2020.12.30-21.18.13:179][  0]LogConfig: Applying CVar settings from Section [TextureQuality@3] File [E:/Repos/UE4-AudioVisualizer/AudioVisualizer/Saved/Config/Windows/Scalability.ini]
[2020.12.30-21.18.13:179][  0]LogConfig: Setting CVar [[r.Streaming.MipBias:0]]
[2020.12.30-21.18.13:179][  0]LogConfig: Setting CVar [[r.Streaming.AmortizeCPUToGPUCopy:0]]
[2020.12.30-21.18.13:180][  0]LogConfig: Setting CVar [[r.Streaming.MaxNumTexturesToStreamPerFrame:0]]
[2020.12.30-21.18.13:180][  0]LogConfig: Setting CVar [[r.Streaming.Boost:1]]
[2020.12.30-21.18.13:180][  0]LogConfig: Setting CVar [[r.MaxAnisotropy:8]]
[2020.12.30-21.18.13:180][  0]LogConfig: Setting CVar [[r.VT.MaxAnisotropy:8]]
[2020.12.30-21.18.13:180][  0]LogConfig: Setting CVar [[r.Streaming.LimitPoolSizeToVRAM:0]]
[2020.12.30-21.18.13:180][  0]LogConfig: Setting CVar [[r.Streaming.PoolSize:1000]]
[2020.12.30-21.18.13:180][  0]LogConfig: Setting CVar [[r.Streaming.MaxEffectiveScreenSize:0]]
[2020.12.30-21.18.13:180][  0]LogConfig: Applying CVar settings from Section [EffectsQuality@3] File [E:/Repos/UE4-AudioVisualizer/AudioVisualizer/Saved/Config/Windows/Scalability.ini]
[2020.12.30-21.18.13:180][  0]LogConfig: Setting CVar [[r.TranslucencyLightingVolumeDim:64]]
[2020.12.30-21.18.13:180][  0]LogConfig: Setting CVar [[r.RefractionQuality:2]]
[2020.12.30-21.18.13:180][  0]LogConfig: Setting CVar [[r.SSR.Quality:3]]
[2020.12.30-21.18.13:180][  0]LogConfig: Setting CVar [[r.SSR.HalfResSceneColor:0]]
[2020.12.30-21.18.13:180][  0]LogConfig: Setting CVar [[r.SceneColorFormat:4]]
[2020.12.30-21.18.13:180][  0]LogConfig: Setting CVar [[r.DetailMode:2]]
[2020.12.30-21.18.13:180][  0]LogConfig: Setting CVar [[r.TranslucencyVolumeBlur:1]]
[2020.12.30-21.18.13:180][  0]LogConfig: Setting CVar [[r.MaterialQualityLevel:1 ; High quality]]
[2020.12.30-21.18.13:180][  0]LogConfig: Setting CVar [[r.SSS.Scale:1]]
[2020.12.30-21.18.13:180][  0]LogConfig: Setting CVar [[r.SSS.SampleSet:2]]
[2020.12.30-21.18.13:180][  0]LogConfig: Setting CVar [[r.SSS.Quality:1]]
[2020.12.30-21.18.13:180][  0]LogConfig: Setting CVar [[r.SSS.HalfRes:1]]
[2020.12.30-21.18.13:180][  0]LogConfig: Setting CVar [[r.SSGI.Quality:3]]
[2020.12.30-21.18.13:180][  0]LogConfig: Setting CVar [[r.EmitterSpawnRateScale:1.0]]
[2020.12.30-21.18.13:180][  0]LogConfig: Setting CVar [[r.ParticleLightQuality:2]]
[2020.12.30-21.18.13:181][  0]LogConfig: Setting CVar [[r.SkyAtmosphere.AerialPerspectiveLUT.FastApplyOnOpaque:1 ; Always have FastSkyLUT 1 in this case to avoid wrong sky]]
[2020.12.30-21.18.13:181][  0]LogConfig: Setting CVar [[r.SkyAtmosphere.AerialPerspectiveLUT.SampleCountPerSlice:1]]
[2020.12.30-21.18.13:181][  0]LogConfig: Setting CVar [[r.SkyAtmosphere.AerialPerspectiveLUT.DepthResolution:16.0]]
[2020.12.30-21.18.13:181][  0]LogConfig: Setting CVar [[r.SkyAtmosphere.FastSkyLUT:1]]
[2020.12.30-21.18.13:181][  0]LogConfig: Setting CVar [[r.SkyAtmosphere.FastSkyLUT.SampleCountMin:4.0]]
[2020.12.30-21.18.13:181][  0]LogConfig: Setting CVar [[r.SkyAtmosphere.FastSkyLUT.SampleCountMax:32.0]]
[2020.12.30-21.18.13:181][  0]LogConfig: Setting CVar [[r.SkyAtmosphere.SampleCountMin:4.0]]
[2020.12.30-21.18.13:181][  0]LogConfig: Setting CVar [[r.SkyAtmosphere.SampleCountMax:32.0]]
[2020.12.30-21.18.13:181][  0]LogConfig: Setting CVar [[r.SkyAtmosphere.TransmittanceLUT.UseSmallFormat:0]]
[2020.12.30-21.18.13:181][  0]LogConfig: Setting CVar [[r.SkyAtmosphere.TransmittanceLUT.SampleCount:10.0]]
[2020.12.30-21.18.13:181][  0]LogConfig: Setting CVar [[r.SkyAtmosphere.MultiScatteringLUT.SampleCount:15.0]]
[2020.12.30-21.18.13:181][  0]LogConfig: Applying CVar settings from Section [FoliageQuality@3] File [E:/Repos/UE4-AudioVisualizer/AudioVisualizer/Saved/Config/Windows/Scalability.ini]
[2020.12.30-21.18.13:181][  0]LogConfig: Setting CVar [[foliage.DensityScale:1.0]]
[2020.12.30-21.18.13:181][  0]LogConfig: Setting CVar [[grass.DensityScale:1.0]]
[2020.12.30-21.18.13:181][  0]LogConfig: Applying CVar settings from Section [ShadingQuality@3] File [E:/Repos/UE4-AudioVisualizer/AudioVisualizer/Saved/Config/Windows/Scalability.ini]
[2020.12.30-21.18.13:181][  0]LogConfig: Setting CVar [[r.HairStrands.SkyLighting.SampleCount:16]]
[2020.12.30-21.18.13:181][  0]LogConfig: Setting CVar [[r.HairStrands.SkyLighting.JitterIntegration:0]]
[2020.12.30-21.18.13:181][  0]LogConfig: Setting CVar [[r.HairStrands.SkyAO.SampleCount:16]]
[2020.12.30-21.18.13:181][  0]LogInit: Selected Device Profile: [Windows]
[2020.12.30-21.18.13:181][  0]LogInit: Applying CVar settings loaded from the selected device profile: [Windows]
[2020.12.30-21.18.13:184][  0]LogHAL: Display: Platform has ~ 32 GB [34306269184 / 34359738368 / 32], which maps to Largest [LargestMinGB=32, LargerMinGB=12, DefaultMinGB=8, SmallerMinGB=6, SmallestMinGB=0)
[2020.12.30-21.18.13:184][  0]LogInit: Going up to parent DeviceProfile []
[2020.12.30-21.18.13:184][  0]LogConfig: Applying CVar settings from Section [ViewDistanceQuality@3] File [E:/Repos/UE4-AudioVisualizer/AudioVisualizer/Saved/Config/Windows/Scalability.ini]
[2020.12.30-21.18.13:184][  0]LogConfig: Setting CVar [[r.SkeletalMeshLODBias:0]]
[2020.12.30-21.18.13:184][  0]LogConfig: Setting CVar [[r.ViewDistanceScale:1.0]]
[2020.12.30-21.18.13:184][  0]LogConfig: Applying CVar settings from Section [AntiAliasingQuality@3] File [E:/Repos/UE4-AudioVisualizer/AudioVisualizer/Saved/Config/Windows/Scalability.ini]
[2020.12.30-21.18.13:184][  0]LogConfig: Setting CVar [[r.PostProcessAAQuality:4]]
[2020.12.30-21.18.13:184][  0]LogConfig: Applying CVar settings from Section [ShadowQuality@3] File [E:/Repos/UE4-AudioVisualizer/AudioVisualizer/Saved/Config/Windows/Scalability.ini]
[2020.12.30-21.18.13:184][  0]LogConfig: Setting CVar [[r.LightFunctionQuality:1]]
[2020.12.30-21.18.13:184][  0]LogConfig: Setting CVar [[r.ShadowQuality:5]]
[2020.12.30-21.18.13:184][  0]LogConfig: Setting CVar [[r.Shadow.CSM.MaxCascades:10]]
[2020.12.30-21.18.13:184][  0]LogConfig: Setting CVar [[r.Shadow.MaxResolution:2048]]
[2020.12.30-21.18.13:184][  0]LogConfig: Setting CVar [[r.Shadow.MaxCSMResolution:2048]]
[2020.12.30-21.18.13:184][  0]LogConfig: Setting CVar [[r.Shadow.RadiusThreshold:0.01]]
[2020.12.30-21.18.13:184][  0]LogConfig: Setting CVar [[r.Shadow.DistanceScale:1.0]]
[2020.12.30-21.18.13:184][  0]LogConfig: Setting CVar [[r.Shadow.CSM.TransitionScale:1.0]]
[2020.12.30-21.18.13:184][  0]LogConfig: Setting CVar [[r.Shadow.PreShadowResolutionFactor:1.0]]
[2020.12.30-21.18.13:184][  0]LogConfig: Setting CVar [[r.DistanceFieldShadowing:1]]
[2020.12.30-21.18.13:185][  0]LogConfig: Setting CVar [[r.DistanceFieldAO:1]]
[2020.12.30-21.18.13:185][  0]LogConfig: Setting CVar [[r.AOQuality:2]]
[2020.12.30-21.18.13:185][  0]LogConfig: Setting CVar [[r.VolumetricFog:1]]
[2020.12.30-21.18.13:185][  0]LogConfig: Setting CVar [[r.VolumetricFog.GridPixelSize:8]]
[2020.12.30-21.18.13:185][  0]LogConfig: Setting CVar [[r.VolumetricFog.GridSizeZ:128]]
[2020.12.30-21.18.13:185][  0]LogConfig: Setting CVar [[r.VolumetricFog.HistoryMissSupersampleCount:4]]
[2020.12.30-21.18.13:185][  0]LogConfig: Setting CVar [[r.LightMaxDrawDistanceScale:1]]
[2020.12.30-21.18.13:185][  0]LogConfig: Setting CVar [[r.CapsuleShadows:1]]
[2020.12.30-21.18.13:185][  0]LogConfig: Applying CVar settings from Section [PostProcessQuality@3] File [E:/Repos/UE4-AudioVisualizer/AudioVisualizer/Saved/Config/Windows/Scalability.ini]
[2020.12.30-21.18.13:185][  0]LogConfig: Setting CVar [[r.MotionBlurQuality:4]]
[2020.12.30-21.18.13:185][  0]LogConfig: Setting CVar [[r.AmbientOcclusionMipLevelFactor:0.4]]
[2020.12.30-21.18.13:185][  0]LogConfig: Setting CVar [[r.AmbientOcclusionMaxQuality:100]]
[2020.12.30-21.18.13:185][  0]LogConfig: Setting CVar [[r.AmbientOcclusionLevels:-1]]
[2020.12.30-21.18.13:185][  0]LogConfig: Setting CVar [[r.AmbientOcclusionRadiusScale:1.0]]
[2020.12.30-21.18.13:185][  0]LogConfig: Setting CVar [[r.DepthOfFieldQuality:2]]
[2020.12.30-21.18.13:185][  0]LogConfig: Setting CVar [[r.RenderTargetPoolMin:400]]
[2020.12.30-21.18.13:185][  0]LogConfig: Setting CVar [[r.LensFlareQuality:2]]
[2020.12.30-21.18.13:185][  0]LogConfig: Setting CVar [[r.SceneColorFringeQuality:1]]
[2020.12.30-21.18.13:185][  0]LogConfig: Setting CVar [[r.EyeAdaptationQuality:2]]
[2020.12.30-21.18.13:185][  0]LogConfig: Setting CVar [[r.BloomQuality:5]]
[2020.12.30-21.18.13:185][  0]LogConfig: Setting CVar [[r.FastBlurThreshold:100]]
[2020.12.30-21.18.13:185][  0]LogConfig: Setting CVar [[r.Upscale.Quality:3]]
[2020.12.30-21.18.13:185][  0]LogConfig: Setting CVar [[r.Tonemapper.GrainQuantization:1]]
[2020.12.30-21.18.13:185][  0]LogConfig: Setting CVar [[r.LightShaftQuality:1]]
[2020.12.30-21.18.13:185][  0]LogConfig: Setting CVar [[r.Filter.SizeScale:1]]
[2020.12.30-21.18.13:186][  0]LogConfig: Setting CVar [[r.Tonemapper.Quality:5]]
[2020.12.30-21.18.13:186][  0]LogConfig: Setting CVar [[r.DOF.Gather.AccumulatorQuality:1        ; higher gathering accumulator quality]]
[2020.12.30-21.18.13:186][  0]LogConfig: Setting CVar [[r.DOF.Gather.PostfilterMethod:1          ; Median3x3 postfilering method]]
[2020.12.30-21.18.13:186][  0]LogConfig: Setting CVar [[r.DOF.Gather.EnableBokehSettings:0       ; no bokeh simulation when gathering]]
[2020.12.30-21.18.13:186][  0]LogConfig: Setting CVar [[r.DOF.Gather.RingCount:4                 ; medium number of samples when gathering]]
[2020.12.30-21.18.13:186][  0]LogConfig: Setting CVar [[r.DOF.Scatter.ForegroundCompositing:1    ; additive foreground scattering]]
[2020.12.30-21.18.13:186][  0]LogConfig: Setting CVar [[r.DOF.Scatter.BackgroundCompositing:2    ; additive background scattering]]
[2020.12.30-21.18.13:186][  0]LogConfig: Setting CVar [[r.DOF.Scatter.EnableBokehSettings:1      ; bokeh simulation when scattering]]
[2020.12.30-21.18.13:186][  0]LogConfig: Setting CVar [[r.DOF.Scatter.MaxSpriteRatio:0.1         ; only a maximum of 10% of scattered bokeh]]
[2020.12.30-21.18.13:186][  0]LogConfig: Setting CVar [[r.DOF.Recombine.Quality:1                ; cheap slight out of focus]]
[2020.12.30-21.18.13:186][  0]LogConfig: Setting CVar [[r.DOF.Recombine.EnableBokehSettings:0    ; no bokeh simulation on slight out of focus]]
[2020.12.30-21.18.13:186][  0]LogConfig: Setting CVar [[r.DOF.TemporalAAQuality:1                ; more stable temporal accumulation]]
[2020.12.30-21.18.13:186][  0]LogConfig: Setting CVar [[r.DOF.Kernel.MaxForegroundRadius:0.025]]
[2020.12.30-21.18.13:186][  0]LogConfig: Setting CVar [[r.DOF.Kernel.MaxBackgroundRadius:0.025]]
[2020.12.30-21.18.13:186][  0]LogConfig: Applying CVar settings from Section [TextureQuality@3] File [E:/Repos/UE4-AudioVisualizer/AudioVisualizer/Saved/Config/Windows/Scalability.ini]
[2020.12.30-21.18.13:186][  0]LogConfig: Setting CVar [[r.Streaming.MipBias:0]]
[2020.12.30-21.18.13:186][  0]LogConfig: Setting CVar [[r.Streaming.AmortizeCPUToGPUCopy:0]]
[2020.12.30-21.18.13:186][  0]LogConfig: Setting CVar [[r.Streaming.MaxNumTexturesToStreamPerFrame:0]]
[2020.12.30-21.18.13:186][  0]LogConfig: Setting CVar [[r.Streaming.Boost:1]]
[2020.12.30-21.18.13:186][  0]LogConfig: Setting CVar [[r.MaxAnisotropy:8]]
[2020.12.30-21.18.13:186][  0]LogConfig: Setting CVar [[r.VT.MaxAnisotropy:8]]
[2020.12.30-21.18.13:186][  0]LogConfig: Setting CVar [[r.Streaming.LimitPoolSizeToVRAM:0]]
[2020.12.30-21.18.13:186][  0]LogConfig: Setting CVar [[r.Streaming.PoolSize:1000]]
[2020.12.30-21.18.13:186][  0]LogConfig: Setting CVar [[r.Streaming.MaxEffectiveScreenSize:0]]
[2020.12.30-21.18.13:187][  0]LogConfig: Applying CVar settings from Section [EffectsQuality@3] File [E:/Repos/UE4-AudioVisualizer/AudioVisualizer/Saved/Config/Windows/Scalability.ini]
[2020.12.30-21.18.13:187][  0]LogConfig: Setting CVar [[r.TranslucencyLightingVolumeDim:64]]
[2020.12.30-21.18.13:187][  0]LogConfig: Setting CVar [[r.RefractionQuality:2]]
[2020.12.30-21.18.13:187][  0]LogConfig: Setting CVar [[r.SSR.Quality:3]]
[2020.12.30-21.18.13:187][  0]LogConfig: Setting CVar [[r.SSR.HalfResSceneColor:0]]
[2020.12.30-21.18.13:187][  0]LogConfig: Setting CVar [[r.SceneColorFormat:4]]
[2020.12.30-21.18.13:187][  0]LogConfig: Setting CVar [[r.DetailMode:2]]
[2020.12.30-21.18.13:187][  0]LogConfig: Setting CVar [[r.TranslucencyVolumeBlur:1]]
[2020.12.30-21.18.13:187][  0]LogConfig: Setting CVar [[r.MaterialQualityLevel:1 ; High quality]]
[2020.12.30-21.18.13:187][  0]LogConfig: Setting CVar [[r.SSS.Scale:1]]
[2020.12.30-21.18.13:187][  0]LogConfig: Setting CVar [[r.SSS.SampleSet:2]]
[2020.12.30-21.18.13:187][  0]LogConfig: Setting CVar [[r.SSS.Quality:1]]
[2020.12.30-21.18.13:187][  0]LogConfig: Setting CVar [[r.SSS.HalfRes:1]]
[2020.12.30-21.18.13:187][  0]LogConfig: Setting CVar [[r.SSGI.Quality:3]]
[2020.12.30-21.18.13:187][  0]LogConfig: Setting CVar [[r.EmitterSpawnRateScale:1.0]]
[2020.12.30-21.18.13:187][  0]LogConfig: Setting CVar [[r.ParticleLightQuality:2]]
[2020.12.30-21.18.13:187][  0]LogConfig: Setting CVar [[r.SkyAtmosphere.AerialPerspectiveLUT.FastApplyOnOpaque:1 ; Always have FastSkyLUT 1 in this case to avoid wrong sky]]
[2020.12.30-21.18.13:187][  0]LogConfig: Setting CVar [[r.SkyAtmosphere.AerialPerspectiveLUT.SampleCountPerSlice:1]]
[2020.12.30-21.18.13:187][  0]LogConfig: Setting CVar [[r.SkyAtmosphere.AerialPerspectiveLUT.DepthResolution:16.0]]
[2020.12.30-21.18.13:187][  0]LogConfig: Setting CVar [[r.SkyAtmosphere.FastSkyLUT:1]]
[2020.12.30-21.18.13:187][  0]LogConfig: Setting CVar [[r.SkyAtmosphere.FastSkyLUT.SampleCountMin:4.0]]
[2020.12.30-21.18.13:187][  0]LogConfig: Setting CVar [[r.SkyAtmosphere.FastSkyLUT.SampleCountMax:32.0]]
[2020.12.30-21.18.13:187][  0]LogConfig: Setting CVar [[r.SkyAtmosphere.SampleCountMin:4.0]]
[2020.12.30-21.18.13:187][  0]LogConfig: Setting CVar [[r.SkyAtmosphere.SampleCountMax:32.0]]
[2020.12.30-21.18.13:187][  0]LogConfig: Setting CVar [[r.SkyAtmosphere.TransmittanceLUT.UseSmallFormat:0]]
[2020.12.30-21.18.13:188][  0]LogConfig: Setting CVar [[r.SkyAtmosphere.TransmittanceLUT.SampleCount:10.0]]
[2020.12.30-21.18.13:188][  0]LogConfig: Setting CVar [[r.SkyAtmosphere.MultiScatteringLUT.SampleCount:15.0]]
[2020.12.30-21.18.13:188][  0]LogConfig: Applying CVar settings from Section [FoliageQuality@3] File [E:/Repos/UE4-AudioVisualizer/AudioVisualizer/Saved/Config/Windows/Scalability.ini]
[2020.12.30-21.18.13:188][  0]LogConfig: Setting CVar [[foliage.DensityScale:1.0]]
[2020.12.30-21.18.13:188][  0]LogConfig: Setting CVar [[grass.DensityScale:1.0]]
[2020.12.30-21.18.13:188][  0]LogConfig: Applying CVar settings from Section [ShadingQuality@3] File [E:/Repos/UE4-AudioVisualizer/AudioVisualizer/Saved/Config/Windows/Scalability.ini]
[2020.12.30-21.18.13:188][  0]LogConfig: Setting CVar [[r.HairStrands.SkyLighting.SampleCount:16]]
[2020.12.30-21.18.13:188][  0]LogConfig: Setting CVar [[r.HairStrands.SkyLighting.JitterIntegration:0]]
[2020.12.30-21.18.13:188][  0]LogConfig: Setting CVar [[r.HairStrands.SkyAO.SampleCount:16]]
[2020.12.30-21.18.13:188][  0]LogConfig: Applying CVar settings from Section [Startup] File [../../../Engine/Config/ConsoleVariables.ini]
[2020.12.30-21.18.13:188][  0]LogConfig: Setting CVar [[net.UseAdaptiveNetUpdateFrequency:0]]
[2020.12.30-21.18.13:188][  0]LogConfig: Setting CVar [[p.chaos.AllowCreatePhysxBodies:1]]
[2020.12.30-21.18.13:188][  0]LogConfig: Applying CVar settings from Section [ConsoleVariables] File [E:/Repos/UE4-AudioVisualizer/AudioVisualizer/Saved/Config/Windows/Engine.ini]
[2020.12.30-21.18.13:188][  0]LogInit: Computer: DESKTOP-OUIKD1K
[2020.12.30-21.18.13:188][  0]LogInit: User: eheil
[2020.12.30-21.18.13:188][  0]LogInit: CPU Page size=4096, Cores=8
[2020.12.30-21.18.13:188][  0]LogInit: High frequency timer resolution =10.000000 MHz
[2020.12.30-21.18.13:189][  0]LogMemory: Memory total: Physical=32.0GB (32GB approx)
[2020.12.30-21.18.13:189][  0]LogMemory: Platform Memory Stats for Windows
[2020.12.30-21.18.13:189][  0]LogMemory: Process Physical Memory: 106.69 MB used, 106.70 MB peak
[2020.12.30-21.18.13:189][  0]LogMemory: Process Virtual Memory: 102.43 MB used, 102.43 MB peak
[2020.12.30-21.18.13:189][  0]LogMemory: Physical Memory: 10673.32 MB used,  22043.68 MB free, 32717.01 MB total
[2020.12.30-21.18.13:189][  0]LogMemory: Virtual Memory: 5179.39 MB used,  134212552.00 MB free, 134217728.00 MB total
[2020.12.30-21.18.13:193][  0]LogWindows: WindowsPlatformFeatures enabled
[2020.12.30-21.18.13:331][  0]LogInit: Using OS detected language (en-US).
[2020.12.30-21.18.13:332][  0]LogInit: Using OS detected locale (en-US).
[2020.12.30-21.18.13:332][  0]LogTextLocalizationManager: No specific localization for 'en-US' exists, so the 'en' localization will be used.
[2020.12.30-21.18.13:459][  0]LogInit: Setting process to per monitor DPI aware
[2020.12.30-21.18.13:503][  0]LogSlate: New Slate User Created.  User Index 0, Is Virtual User: 0
[2020.12.30-21.18.13:504][  0]LogSlate: Slate User Registered.  User Index 0, Is Virtual User: 0
[2020.12.30-21.18.13:603][  0]LogHMD: Failed to initialize OpenVR with code 110
[2020.12.30-21.18.13:604][  0]LogD3D11RHI: D3D11 min allowed feature level: 11_0
[2020.12.30-21.18.13:604][  0]LogD3D11RHI: D3D11 max allowed feature level: 11_0
[2020.12.30-21.18.13:604][  0]LogD3D11RHI: D3D11 adapters:
[2020.12.30-21.18.13:723][  0]LogD3D11RHI:    0. 'NVIDIA GeForce RTX 2080 Ti' (Feature Level 11_0)
[2020.12.30-21.18.13:723][  0]LogD3D11RHI:       11048/0/16358 MB DedicatedVideo/DedicatedSystem/SharedSystem, Outputs:2, VendorId:0x10de
[2020.12.30-21.18.13:728][  0]LogD3D11RHI:    1. 'Microsoft Basic Render Driver' (Feature Level 11_0)
[2020.12.30-21.18.13:728][  0]LogD3D11RHI:       0/0/16358 MB DedicatedVideo/DedicatedSystem/SharedSystem, Outputs:0, VendorId:0x1414
[2020.12.30-21.18.13:728][  0]LogD3D11RHI: Chosen D3D11 Adapter: 0
[2020.12.30-21.18.13:735][  0]LogD3D11RHI: Creating new Direct3DDevice
[2020.12.30-21.18.13:735][  0]LogD3D11RHI:     GPU DeviceId: 0x1e07 (for the marketing name, search the web for "GPU Device Id")
[2020.12.30-21.18.13:735][  0]LogWindows: EnumDisplayDevices:
[2020.12.30-21.18.13:736][  0]LogWindows:    0. 'NVIDIA GeForce RTX 2080 Ti' (P:1 D:1)
[2020.12.30-21.18.13:736][  0]LogWindows:    1. 'NVIDIA GeForce RTX 2080 Ti' (P:0 D:1)
[2020.12.30-21.18.13:736][  0]LogWindows:    2. 'NVIDIA GeForce RTX 2080 Ti' (P:0 D:0)
[2020.12.30-21.18.13:736][  0]LogWindows:    3. 'NVIDIA GeForce RTX 2080 Ti' (P:0 D:0)
[2020.12.30-21.18.13:737][  0]LogWindows: DebugString: FoundDriverCount:4 
[2020.12.30-21.18.13:737][  0]LogD3D11RHI:     Adapter Name: NVIDIA GeForce RTX 2080 Ti
[2020.12.30-21.18.13:737][  0]LogD3D11RHI:   Driver Version: 460.79 (internal:27.21.14.6079, unified:460.79)
[2020.12.30-21.18.13:737][  0]LogD3D11RHI:      Driver Date: 12-3-2020
[2020.12.30-21.18.13:737][  0]LogRHI: Texture pool is 7733 MB (70% of 11048 MB)
[2020.12.30-21.18.13:795][  0]LogD3D11RHI: RHI has support for 64 bit atomics
[2020.12.30-21.18.13:795][  0]LogD3D11RHI: Async texture creation enabled
[2020.12.30-21.18.13:818][  0]LogD3D11RHI: GPU Timing Frequency: 1000.000000 (Debug: 2 1)
[2020.12.30-21.18.14:013][  0]LogTargetPlatformManager: Display: Loaded TargetPlatform 'AllDesktop'
[2020.12.30-21.18.14:040][  0]LogTargetPlatformManager: Display: Loaded TargetPlatform 'Android'
[2020.12.30-21.18.14:040][  0]LogTargetPlatformManager: Display: Loaded TargetPlatform 'Android_ASTC'
[2020.12.30-21.18.14:040][  0]LogTargetPlatformManager: Display: Loaded TargetPlatform 'Android_ATC'
[2020.12.30-21.18.14:040][  0]LogTargetPlatformManager: Display: Loaded TargetPlatform 'Android_DXT'
[2020.12.30-21.18.14:040][  0]LogTargetPlatformManager: Display: Loaded TargetPlatform 'Android_ETC1'
[2020.12.30-21.18.14:040][  0]LogTargetPlatformManager: Display: Loaded TargetPlatform 'Android_ETC1a'
[2020.12.30-21.18.14:040][  0]LogTargetPlatformManager: Display: Loaded TargetPlatform 'Android_ETC2'
[2020.12.30-21.18.14:040][  0]LogTargetPlatformManager: Display: Loaded TargetPlatform 'Android_PVRTC'
[2020.12.30-21.18.14:040][  0]LogTargetPlatformManager: Display: Loaded TargetPlatform 'AndroidClient'
[2020.12.30-21.18.14:040][  0]LogTargetPlatformManager: Display: Loaded TargetPlatform 'Android_ASTCClient'
[2020.12.30-21.18.14:040][  0]LogTargetPlatformManager: Display: Loaded TargetPlatform 'Android_ATCClient'
[2020.12.30-21.18.14:040][  0]LogTargetPlatformManager: Display: Loaded TargetPlatform 'Android_DXTClient'
[2020.12.30-21.18.14:040][  0]LogTargetPlatformManager: Display: Loaded TargetPlatform 'Android_ETC1Client'
[2020.12.30-21.18.14:040][  0]LogTargetPlatformManager: Display: Loaded TargetPlatform 'Android_ETC1aClient'
[2020.12.30-21.18.14:041][  0]LogTargetPlatformManager: Display: Loaded TargetPlatform 'Android_ETC2Client'
[2020.12.30-21.18.14:041][  0]LogTargetPlatformManager: Display: Loaded TargetPlatform 'Android_PVRTCClient'
[2020.12.30-21.18.14:041][  0]LogTargetPlatformManager: Display: Loaded TargetPlatform 'Android_Multi'
[2020.12.30-21.18.14:041][  0]LogTargetPlatformManager: Display: Loaded TargetPlatform 'Android_MultiClient'
[2020.12.30-21.18.14:063][  0]LogTargetPlatformManager: Display: Loaded TargetPlatform 'IOSClient'
[2020.12.30-21.18.14:063][  0]LogTargetPlatformManager: Display: Loaded TargetPlatform 'IOS'
[2020.12.30-21.18.14:070][  0]LogTargetPlatformManager: Display: Loaded TargetPlatform 'LinuxNoEditor'
[2020.12.30-21.18.14:077][  0]LogTargetPlatformManager: Display: Loaded TargetPlatform 'LinuxClient'
[2020.12.30-21.18.14:084][  0]LogTargetPlatformManager: Display: Loaded TargetPlatform 'LinuxServer'
[2020.12.30-21.18.14:092][  0]LogTargetPlatformManager: Display: Loaded TargetPlatform 'LinuxAArch64NoEditor'
[2020.12.30-21.18.14:099][  0]LogTargetPlatformManager: Display: Loaded TargetPlatform 'LinuxAArch64Client'
[2020.12.30-21.18.14:107][  0]LogTargetPlatformManager: Display: Loaded TargetPlatform 'LinuxAArch64Server'
[2020.12.30-21.18.14:129][  0]LogTargetPlatformManager: Display: Loaded TargetPlatform 'Lumin'
[2020.12.30-21.18.14:129][  0]LogTargetPlatformManager: Display: Loaded TargetPlatform 'LuminClient'
[2020.12.30-21.18.14:143][  0]LogTargetPlatformManager: Display: Loaded TargetPlatform 'TVOSClient'
[2020.12.30-21.18.14:144][  0]LogTargetPlatformManager: Display: Loaded TargetPlatform 'TVOS'
[2020.12.30-21.18.14:151][  0]LogTargetPlatformManager: Display: Loaded TargetPlatform 'WindowsNoEditor'
[2020.12.30-21.18.14:159][  0]LogTargetPlatformManager: Display: Loaded TargetPlatform 'Windows'
[2020.12.30-21.18.14:166][  0]LogTargetPlatformManager: Display: Loaded TargetPlatform 'WindowsClient'
[2020.12.30-21.18.14:174][  0]LogTargetPlatformManager: Display: Loaded TargetPlatform 'WindowsServer'
[2020.12.30-21.18.14:174][  0]LogTargetPlatformManager: Display: Building Assets For Windows
[2020.12.30-21.18.14:181][  0]LogAudioDebug: Display: Lib vorbis DLL was dynamically loaded.
[2020.12.30-21.18.14:228][  0]LogShaderCompilers: Guid format shader working directory is 1 characters bigger than the processId version (E:/Repos/UE4-AudioVisualizer/AudioVisualizer/Intermediate/Shaders/WorkingDirectory/12468/).
[2020.12.30-21.18.14:228][  0]LogShaderCompilers: Cleaned the shader compiler working directory 'C:/Users/eheil/AppData/Local/Temp/UnrealShaderWorkingDir/B454808E4CE491CDE2BC2CAF7A6C013A/'.
[2020.12.30-21.18.14:228][  0]LogXGEController: Cleaning working directory: C:/Users/eheil/AppData/Local/Temp/UnrealXGEWorkingDir/
[2020.12.30-21.18.14:229][  0]LogXGEController: Cannot use XGE Controller as Incredibuild is not installed on this machine.
[2020.12.30-21.18.14:229][  0]LogShaderCompilers: Cannot use XGE Shader Compiler as Incredibuild is not installed on this machine.
[2020.12.30-21.18.14:229][  0]LogShaderCompilers: Display: Using Local Shader Compiler.
[2020.12.30-21.18.14:803][  0]LogDerivedDataCache: Display: Max Cache Size: 512 MB
[2020.12.30-21.18.14:848][  0]LogDerivedDataCache: Loaded boot cache 0.05s 78MB C:/Users/eheil/AppData/Local/UnrealEngine/4.24/DerivedDataCache/Boot.ddc.
[2020.12.30-21.18.14:848][  0]LogDerivedDataCache: Display: Loaded Boot cache: C:/Users/eheil/AppData/Local/UnrealEngine/4.24/DerivedDataCache/Boot.ddc
[2020.12.30-21.18.14:848][  0]LogDerivedDataCache: FDerivedDataBackendGraph:  Pak pak cache file E:/Repos/UE4-AudioVisualizer/AudioVisualizer/DerivedDataCache/DDC.ddp not found, will not use a pak cache.
[2020.12.30-21.18.14:849][  0]LogDerivedDataCache: Unable to find inner node Pak for hierarchical cache Hierarchy.
[2020.12.30-21.18.14:849][  0]LogDerivedDataCache: FDerivedDataBackendGraph:  CompressedPak pak cache file E:/Repos/UE4-AudioVisualizer/AudioVisualizer/DerivedDataCache/Compressed.ddp not found, will not use a pak cache.
[2020.12.30-21.18.14:849][  0]LogDerivedDataCache: Unable to find inner node CompressedPak for hierarchical cache Hierarchy.
[2020.12.30-21.18.14:858][  0]LogDerivedDataCache: Display: Pak cache opened for reading ../../../Engine/DerivedDataCache/Compressed.ddp.
[2020.12.30-21.18.14:858][  0]LogDerivedDataCache: FDerivedDataBackendGraph:  EnterprisePak pak cache file ../../../Enterprise/DerivedDataCache/Compressed.ddp not found, will not use a pak cache.
[2020.12.30-21.18.14:858][  0]LogDerivedDataCache: Unable to find inner node EnterprisePak for hierarchical cache Hierarchy.
[2020.12.30-21.18.14:860][  0]LogDerivedDataCache: Using Local data cache path C:/Users/eheil/AppData/Local/UnrealEngine/Common/DerivedDataCache: Writable
[2020.12.30-21.18.14:860][  0]LogDerivedDataCache: Shared data cache path not found in *engine.ini, will not use an Shared cache.
[2020.12.30-21.18.14:860][  0]LogDerivedDataCache: Unable to find inner node Shared for hierarchical cache Hierarchy.
[2020.12.30-21.18.14:880][  0]LogMaterial: Verifying Global Shaders for PCD3D_SM5
[2020.12.30-21.18.14:883][  0]LogSlate: Using FreeType 2.10.0
[2020.12.30-21.18.14:883][  0]LogSlate: SlateFontServices - WITH_FREETYPE: 1, WITH_HARFBUZZ: 1
[2020.12.30-21.18.14:924][  0]LogAssetRegistry: FAssetRegistry took 0.0035 seconds to start up
[2020.12.30-21.18.15:155][  0]LogInit: Selected Device Profile: [Windows]
[2020.12.30-21.18.15:290][  0]LogMeshReduction: Using QuadricMeshReduction for automatic static mesh reduction
[2020.12.30-21.18.15:291][  0]LogMeshReduction: Using SimplygonMeshReduction for automatic skeletal mesh reduction
[2020.12.30-21.18.15:291][  0]LogMeshReduction: Using ProxyLODMeshReduction for automatic mesh merging
[2020.12.30-21.18.15:291][  0]LogMeshReduction: No distributed automatic mesh merging module available
[2020.12.30-21.18.15:291][  0]LogMeshMerging: No distributed automatic mesh merging module available
[2020.12.30-21.18.15:303][  0]LogNetVersion: AudioVisualizer 1.0.0, NetCL: 10570792, EngineNetVer: 13, GameNetVer: 0 (Checksum: 1248852129)
[2020.12.30-21.18.16:067][  0]LogPackageLocalizationCache: Processed 10 localized package path(s) for 1 prioritized culture(s) in 0.034594 seconds
[2020.12.30-21.18.16:074][  0]LogUObjectArray: 46750 objects as part of root set at end of initial load.
[2020.12.30-21.18.16:074][  0]LogUObjectAllocator: 8137160 out of 0 bytes used by permanent object pool.
[2020.12.30-21.18.16:074][  0]LogUObjectArray: CloseDisregardForGC: 0/0 objects in disregard for GC pool
[2020.12.30-21.18.16:506][  0]LogTcpMessaging: Initializing TcpMessaging bridge
[2020.12.30-21.18.16:511][  0]LogUdpMessaging: Initializing bridge on interface 0.0.0.0:0 to multicast group 230.0.0.1:6666.
[2020.12.30-21.18.16:609][  0]SourceControl: Source control is disabled
[2020.12.30-21.18.16:609][  0]SourceControl: Source control is disabled
[2020.12.30-21.18.16:611][  0]SourceControl: Source control is disabled
[2020.12.30-21.18.16:613][  0]SourceControl: Source control is disabled
[2020.12.30-21.18.16:615][  0]SourceControl: Source control is disabled
[2020.12.30-21.18.16:730][  0]LogAndroidPermission: UAndroidPermissionCallbackProxy::GetInstance
[2020.12.30-21.18.16:748][  0]LogAudioCaptureCore: Display: No Audio Capture implementations found. Audio input will be silent.
[2020.12.30-21.18.16:748][  0]LogAudioCaptureCore: Display: No Audio Capture implementations found. Audio input will be silent.
[2020.12.30-21.18.16:832][  0]LogOcInput: OculusInput pre-init called
[2020.12.30-21.18.16:842][  0]LogWindows: Failed to load 'OVRPlugin.dll' (GetLastError=126)
[2020.12.30-21.18.16:842][  0]LogWindows: File 'OVRPlugin.dll' does not exist
[2020.12.30-21.18.16:916][  0]LogEngine: Initializing Engine...
[2020.12.30-21.18.16:916][  0]LogHMD: Failed to initialize OpenVR with code 110
[2020.12.30-21.18.16:917][  0]LogStats: UGameplayTagsManager::InitializeManager -  0.000 s
[2020.12.30-21.18.17:178][  0]LogInit: Initializing FReadOnlyCVARCache
[2020.12.30-21.18.17:188][  0]LogAIModule: Creating AISystem for world Untitled
[2020.12.30-21.18.17:194][  0]LogAudioMixer: Display: Audio Mixer Platform Settings:
[2020.12.30-21.18.17:194][  0]LogAudioMixer: Display: 	Sample Rate:						  48000
[2020.12.30-21.18.17:194][  0]LogAudioMixer: Display: 	Callback Buffer Frame Size Requested: 1024
[2020.12.30-21.18.17:194][  0]LogAudioMixer: Display: 	Callback Buffer Frame Size To Use:	  1024
[2020.12.30-21.18.17:194][  0]LogAudioMixer: Display: 	Number of buffers to queue:			  2
[2020.12.30-21.18.17:194][  0]LogAudioMixer: Display: 	Max Channels (voices):				  32
[2020.12.30-21.18.17:194][  0]LogAudioMixer: Display: 	Number of Async Source Workers:		  0
[2020.12.30-21.18.17:194][  0]LogAudio: Display: AudioDevice MaxSources: 32
[2020.12.30-21.18.17:194][  0]LogAudio: Display: Using built-in audio occlusion.
[2020.12.30-21.18.17:194][  0]LogAudioMixer: Display: Initializing audio mixer.
[2020.12.30-21.18.17:271][  0]LogAudioMixer: Display: Audio Device Output Speaker Info:
[2020.12.30-21.18.17:272][  0]LogAudioMixer: Display: Name: Headphones (2- Elgato Wave:3)
[2020.12.30-21.18.17:272][  0]LogAudioMixer: Display: Is Default: Yes
[2020.12.30-21.18.17:272][  0]LogAudioMixer: Display: Sample Rate: 48000
[2020.12.30-21.18.17:272][  0]LogAudioMixer: Display: Channel Count Used: 2
[2020.12.30-21.18.17:272][  0]LogAudioMixer: Display: Device Channel Count: 2
[2020.12.30-21.18.17:272][  0]LogAudioMixer: Display: Channel Order:
[2020.12.30-21.18.17:272][  0]LogAudioMixer: Display: 0: FrontLeft
[2020.12.30-21.18.17:272][  0]LogAudioMixer: Display: 1: FrontRight
[2020.12.30-21.18.17:324][  0]LogAudioMixer: Display: Using Audio Device Headphones (2- Elgato Wave:3)
[2020.12.30-21.18.17:328][  0]LogInit: FAudioDevice initialized.
[2020.12.30-21.18.17:328][  0]LogNetVersion: Set ProjectVersion to 1.0.0.0. Version Checksum will be recalculated on next use.
[2020.12.30-21.18.17:370][  0]LogDerivedDataCache: Saved boot cache 0.04s 78MB C:/Users/eheil/AppData/Local/UnrealEngine/4.24/DerivedDataCache/Boot.ddc.
[2020.12.30-21.18.17:375][  0]LogInit: Texture streaming: Enabled
[2020.12.30-21.18.17:391][  0]LogEngineSessionManager: EngineSessionManager initialized
[2020.12.30-21.18.17:391][  0]LogEngineSessionManager: EngineSessionManager sent abnormal shutdown report. Type=Debugger, SessionId={9D8B97B4-4149-35AA-FBE9-39857189FAB6}
[2020.12.30-21.18.17:391][  0]LogEngineSessionManager: EngineSessionManager sent abnormal shutdown report. Type=Debugger, SessionId={86BB371C-4B98-8E09-20BB-138D433C3AB4}
[2020.12.30-21.18.17:391][  0]LogEditorSessionSummary: Verbose: Initializing EditorSessionSummaryWriter for editor session tracking
[2020.12.30-21.18.17:392][  0]LogEditorSessionSummary: EditorSessionSummaryWriter initialized
[2020.12.30-21.18.17:434][  0]LogInit: Transaction tracking system initialized
[2020.12.30-21.18.17:450][  0]BlueprintLog: New page: Editor Load
[2020.12.30-21.18.17:496][  0]LocalizationService: Localization service is disabled
[2020.12.30-21.18.17:743][  0]LogFileCache: Scanning file cache for directory 'E:/Repos/UE4-AudioVisualizer/AudioVisualizer/Content/' took 0.00s
[2020.12.30-21.18.17:744][  0]LogCook: Display: Max memory allowance for cook 16384mb min free memory 0mb
[2020.12.30-21.18.17:744][  0]LogCook: Display: Mobile HDR setting 1
[2020.12.30-21.18.18:272][  0]SourceControl: Source control is disabled
[2020.12.30-21.18.18:272][  0]Cmd: MAP LOAD FILE="E:/Repos/UE4-AudioVisualizer/AudioVisualizer/Content/Maps/Test.umap" TEMPLATE=0 SHOWPROGRESS=1 FEATURELEVEL=3
[2020.12.30-21.18.18:273][  0]LightingResults: New page: Lighting Build
[2020.12.30-21.18.18:274][  0]LogWorld: UWorld::CleanupWorld for Untitled, bSessionEnded=true, bCleanupResources=true
[2020.12.30-21.18.18:274][  0]LogSlate: InvalidateAllWidgets triggered.  All widgets were invalidated
[2020.12.30-21.18.18:274][  0]MapCheck: New page: Map Check
[2020.12.30-21.18.18:274][  0]LightingResults: New page: Lighting Build
[2020.12.30-21.18.18:302][  0]LogUObjectHash: Compacting FUObjectHashTables data took   1.66ms
[2020.12.30-21.18.18:376][  0]LogAIModule: Creating AISystem for world Test
[2020.12.30-21.18.18:379][  0]LogEditorServer: Finished looking for orphan Actors (0.000 secs)
[2020.12.30-21.18.18:409][  0]LogUObjectHash: Compacting FUObjectHashTables data took   2.27ms
[2020.12.30-21.18.18:409][  0]Cmd: MAP CHECKDEP NOCLEARLOG
[2020.12.30-21.18.18:409][  0]MapCheck: Map check complete: 0 Error(s), 0 Warning(s), took 0.105ms to complete.
[2020.12.30-21.18.18:409][  0]LogFileHelpers: Loading map 'Test' took 0.137
[2020.12.30-21.18.18:532][  0]LogSlate: Updating window title bar state: overlay mode, drag disabled, window buttons hidden, title bar hidden
[2020.12.30-21.18.18:538][  0]LogSlate: Updating window title bar state: overlay mode, drag disabled, window buttons hidden, title bar hidden
[2020.12.30-21.18.18:543][  0]LogSlate: Updating window title bar state: overlay mode, drag disabled, window buttons hidden, title bar hidden
[2020.12.30-21.18.18:548][  0]LogSlate: Updating window title bar state: overlay mode, drag disabled, window buttons hidden, title bar hidden
[2020.12.30-21.18.18:554][  0]LogCollectionManager: Loaded 0 collections in 0.001690 seconds
[2020.12.30-21.18.18:567][  0]LogFileCache: Scanning file cache for directory 'E:/Repos/UE4-AudioVisualizer/AudioVisualizer/Saved/Collections/' took 0.00s
[2020.12.30-21.18.18:567][  0]LogFileCache: Scanning file cache for directory 'E:/Repos/UE4-AudioVisualizer/AudioVisualizer/Content/Developers/eheil/Collections/' took 0.00s
[2020.12.30-21.18.18:567][  0]LogFileCache: Scanning file cache for directory 'E:/Repos/UE4-AudioVisualizer/AudioVisualizer/Content/Collections/' took 0.00s
[2020.12.30-21.18.18:568][  0]LogContentBrowser: Native class hierarchy populated in 0.0079 seconds. Added 3019 classes and 723 folders.
[2020.12.30-21.18.18:570][  0]LogContentBrowser: Native class hierarchy updated for 'WidgetCarousel' in 0.0003 seconds. Added 0 classes and 0 folders.
[2020.12.30-21.18.18:603][  0]LogContentBrowser: Native class hierarchy updated for 'AddContentDialog' in 0.0003 seconds. Added 0 classes and 0 folders.
[2020.12.30-21.18.18:608][  0]LogContentBrowser: Native class hierarchy updated for 'SceneOutliner' in 0.0003 seconds. Added 2 classes and 3 folders.
[2020.12.30-21.18.18:634][  0]LogSlate: Took 0.000163 seconds to synchronously load lazily loaded font '../../../Engine/Content/Slate/Fonts/Roboto-Regular.ttf' (155K)
[2020.12.30-21.18.18:636][  0]LogSlate: Took 0.000173 seconds to synchronously load lazily loaded font '../../../Engine/Content/Slate/Fonts/Roboto-Bold.ttf' (160K)
[2020.12.30-21.18.18:640][  0]LogSlate: Took 0.000133 seconds to synchronously load lazily loaded font '../../../Engine/Content/Editor/Slate/Fonts/FontAwesome.ttf' (139K)
[2020.12.30-21.18.18:697][  0]LogRenderer: Reallocating scene render targets to support 1616x808 Format 10 NumSamples 1 (Frame:1).
[2020.12.30-21.18.18:770][  0]LogContentBrowser: Native class hierarchy updated for 'HierarchicalLODOutliner' in 0.0003 seconds. Added 0 classes and 0 folders.
[2020.12.30-21.18.18:770][  0]LogLoad: (Engine Initialization) Total time: 6.70 seconds
[2020.12.30-21.18.18:770][  0]LogLoad: (Engine Initialization) Total Blueprint compile time: 0.00 seconds
[2020.12.30-21.18.18:804][  0]LogAssetRegistry: Asset discovery search completed in 3.8822 seconds
[2020.12.30-21.18.18:807][  0]LogCollectionManager: Fixed up redirectors for 0 collections in 0.000006 seconds (updated 0 objects)
[2020.12.30-21.18.18:809][  0]LogContentStreaming: Texture pool size now 1000 MB
[2020.12.30-21.18.18:863][  1]LogActor: Warning: BP_Cube_C /Engine/Transient.World_0:PersistentLevel.BP_Cube_C_0 has natively added scene component(s), but none of them were set as the actor's RootComponent - picking one arbitrarily
[2020.12.30-21.18.20:418][181]LogSlate: Took 0.000173 seconds to synchronously load lazily loaded font '../../../Engine/Content/Slate/Fonts/Roboto-Light.ttf' (167K)
[2020.12.30-21.18.20:429][181]LogAssetEditorSubsystem: Opening Asset editor for Blueprint /Game/Blueprints/BP_EQControler.BP_EQControler
[2020.12.30-21.18.20:527][181]LogContentBrowser: Native class hierarchy updated for 'BlueprintGraph' in 0.0005 seconds. Added 121 classes and 0 folders.
[2020.12.30-21.18.21:162][181]LogActor: Warning: BP_EQControler_C /Engine/Transient.World_1:PersistentLevel.BP_EQControler_C_0 has natively added scene component(s), but none of them were set as the actor's RootComponent - picking one arbitrarily
[2020.12.30-21.18.21:165][181]LogSlate: Took 0.000186 seconds to synchronously load lazily loaded font '../../../Engine/Content/Slate/Fonts/Roboto-BoldCondensed.ttf' (158K)
[2020.12.30-21.18.29:951][189]LogSelectionDetails: Warning: NavigateToFunctionSource:  Unable to find symbols for 'UKismetSystemLibrary::PrintString' [Element not found.]
[2020.12.30-21.18.39:997][379]BlueprintLog: New page: Compile BP_EQControler
[2020.12.30-21.18.39:999][379]LogActor: Warning: BP_EQControler_C /Game/Maps/Test.Test:PersistentLevel.BP_EQControler_2 has natively added scene component(s), but none of them were set as the actor's RootComponent - picking one arbitrarily
[2020.12.30-21.18.40:002][379]LogActor: Warning: BP_EQControler_C /Engine/Transient.World_1:PersistentLevel.BP_EQControler_C_0 has natively added scene component(s), but none of them were set as the actor's RootComponent - picking one arbitrarily
[2020.12.30-21.18.40:204][379]LogUObjectHash: Compacting FUObjectHashTables data took   2.92ms
[2020.12.30-21.18.41:750][556]LogTemp: Repeating last play command: Simulate
[2020.12.30-21.18.41:763][556]LogPlayLevel: PlayLevel: No blueprints needed recompiling
[2020.12.30-21.18.41:764][556]PIE: New page: SIE session: Test (Dec 30, 2020, 11:18:41 AM)
[2020.12.30-21.18.41:765][556]LogOnline: OSS: Creating online subsystem instance for: NULL
[2020.12.30-21.18.41:767][556]LogOnline: OSS: TryLoadSubsystemAndSetDefault: Loaded subsystem for module [NULL]
[2020.12.30-21.18.41:767][556]LogPlayLevel: Creating play world package: /Game/Maps/UEDPIE_0_Test
[2020.12.30-21.18.41:769][556]LogPlayLevel: PIE: StaticDuplicateObject took: (0.002066s)
[2020.12.30-21.18.41:770][556]LogAIModule: Creating AISystem for world Test
[2020.12.30-21.18.41:770][556]LogPlayLevel: PIE: World Init took: (0.000916s)
[2020.12.30-21.18.41:770][556]LogPlayLevel: PIE: Created PIE world by copying editor world from /Game/Maps/Test.Test to /Game/Maps/UEDPIE_0_Test.Test (0.003246s)
[2020.12.30-21.18.41:798][556]LogUObjectHash: Compacting FUObjectHashTables data took   2.79ms
[2020.12.30-21.18.41:799][556]LogAudioMixer: Display: Audio Mixer Platform Settings:
[2020.12.30-21.18.41:799][556]LogAudioMixer: Display: 	Sample Rate:						  48000
[2020.12.30-21.18.41:799][556]LogAudioMixer: Display: 	Callback Buffer Frame Size Requested: 1024
[2020.12.30-21.18.41:799][556]LogAudioMixer: Display: 	Callback Buffer Frame Size To Use:	  1024
[2020.12.30-21.18.41:799][556]LogAudioMixer: Display: 	Number of buffers to queue:			  2
[2020.12.30-21.18.41:799][556]LogAudioMixer: Display: 	Max Channels (voices):				  32
[2020.12.30-21.18.41:799][556]LogAudioMixer: Display: 	Number of Async Source Workers:		  0
[2020.12.30-21.18.41:799][556]LogAudio: Display: AudioDevice MaxSources: 32
[2020.12.30-21.18.41:799][556]LogAudio: Display: Using built-in audio occlusion.
[2020.12.30-21.18.41:799][556]LogAudioMixer: Display: Initializing audio mixer.
[2020.12.30-21.18.41:865][556]LogAudioMixer: Display: Audio Device Output Speaker Info:
[2020.12.30-21.18.41:865][556]LogAudioMixer: Display: Name: Headphones (2- Elgato Wave:3)
[2020.12.30-21.18.41:865][556]LogAudioMixer: Display: Is Default: Yes
[2020.12.30-21.18.41:865][556]LogAudioMixer: Display: Sample Rate: 48000
[2020.12.30-21.18.41:865][556]LogAudioMixer: Display: Channel Count Used: 2
[2020.12.30-21.18.41:865][556]LogAudioMixer: Display: Device Channel Count: 2
[2020.12.30-21.18.41:865][556]LogAudioMixer: Display: Channel Order:
[2020.12.30-21.18.41:865][556]LogAudioMixer: Display: 0: FrontLeft
[2020.12.30-21.18.41:865][556]LogAudioMixer: Display: 1: FrontRight
[2020.12.30-21.18.41:881][556]LogAudioMixer: Display: Using Audio Device Headphones (2- Elgato Wave:3)
[2020.12.30-21.18.41:883][556]LogInit: FAudioDevice initialized.
[2020.12.30-21.18.41:894][556]LogLoad: Game class is 'GameModeBase'
[2020.12.30-21.18.41:895][556]LogWorld: Bringing World /Game/Maps/UEDPIE_0_Test.Test up for play (max tick rate 0) at 2020.12.30-16.18.41
[2020.12.30-21.18.41:896][556]LogWorld: Bringing up level for play took: 0.000519
[2020.12.30-21.18.41:896][556]LogOnline: OSS: Creating online subsystem instance for: :Context_3
[2020.12.30-21.18.41:901][556]LogContentBrowser: Native class hierarchy updated for 'MovieSceneCapture' in 0.0003 seconds. Added 20 classes and 0 folders.
[2020.12.30-21.18.41:901][556]LogActor: Warning: BP_Cube_C /Game/Maps/UEDPIE_0_Test.Test:PersistentLevel.BP_Cube_C_0 has natively added scene component(s), but none of them were set as the actor's RootComponent - picking one arbitrarily
[2020.12.30-21.18.41:902][556]LogActor: Warning: BP_Cube_C /Game/Maps/UEDPIE_0_Test.Test:PersistentLevel.BP_Cube_C_1 has natively added scene component(s), but none of them were set as the actor's RootComponent - picking one arbitrarily
[2020.12.30-21.18.41:902][556]LogActor: Warning: BP_Cube_C /Game/Maps/UEDPIE_0_Test.Test:PersistentLevel.BP_Cube_C_2 has natively added scene component(s), but none of them were set as the actor's RootComponent - picking one arbitrarily
[2020.12.30-21.18.41:902][556]LogActor: Warning: BP_Cube_C /Game/Maps/UEDPIE_0_Test.Test:PersistentLevel.BP_Cube_C_3 has natively added scene component(s), but none of them were set as the actor's RootComponent - picking one arbitrarily
[2020.12.30-21.18.41:902][556]LogActor: Warning: BP_Cube_C /Game/Maps/UEDPIE_0_Test.Test:PersistentLevel.BP_Cube_C_4 has natively added scene component(s), but none of them were set as the actor's RootComponent - picking one arbitrarily
[2020.12.30-21.18.41:902][556]LogActor: Warning: BP_Cube_C /Game/Maps/UEDPIE_0_Test.Test:PersistentLevel.BP_Cube_C_5 has natively added scene component(s), but none of them were set as the actor's RootComponent - picking one arbitrarily
[2020.12.30-21.18.41:902][556]LogActor: Warning: BP_Cube_C /Game/Maps/UEDPIE_0_Test.Test:PersistentLevel.BP_Cube_C_6 has natively added scene component(s), but none of them were set as the actor's RootComponent - picking one arbitrarily
[2020.12.30-21.18.41:902][556]LogActor: Warning: BP_Cube_C /Game/Maps/UEDPIE_0_Test.Test:PersistentLevel.BP_Cube_C_7 has natively added scene component(s), but none of them were set as the actor's RootComponent - picking one arbitrarily
[2020.12.30-21.18.41:903][556]LogActor: Warning: BP_Cube_C /Game/Maps/UEDPIE_0_Test.Test:PersistentLevel.BP_Cube_C_8 has natively added scene component(s), but none of them were set as the actor's RootComponent - picking one arbitrarily
[2020.12.30-21.18.41:903][556]PIE: Play in editor start time for /Game/Maps/UEDPIE_0_Test -0.511
[2020.12.30-21.18.43:875][763]LogAudioMixer: Display: No commands were queued while flushing the source manager.
[2020.12.30-21.18.43:893][763]LogAudioMixer: Display: Flush succeeded in the source manager command queue (1).
[2020.12.30-21.18.43:913][763]LogAudioMixer: Display: Flush succeeded the source manager command queue (2).
[2020.12.30-21.18.43:913][763]LogSlate: Updating window title bar state: overlay mode, drag disabled, window buttons hidden, title bar hidden
[2020.12.30-21.18.43:913][763]LogWorld: BeginTearingDown for /Game/Maps/UEDPIE_0_Test
[2020.12.30-21.18.43:914][763]LogAudioMixer: Display: No commands were queued while flushing the source manager.
[2020.12.30-21.18.43:914][763]LogWorld: UWorld::CleanupWorld for Test, bSessionEnded=true, bCleanupResources=true
[2020.12.30-21.18.43:914][763]LogSlate: InvalidateAllWidgets triggered.  All widgets were invalidated
[2020.12.30-21.18.43:924][763]LogPlayLevel: Display: Shutting down PIE online subsystems
[2020.12.30-21.18.43:929][763]LogSlate: InvalidateAllWidgets triggered.  All widgets were invalidated
[2020.12.30-21.18.43:960][763]LogAudioMixer: Display: No commands were queued while flushing the source manager.
[2020.12.30-21.18.43:963][763]LogSlate: Updating window title bar state: overlay mode, drag disabled, window buttons hidden, title bar hidden
[2020.12.30-21.18.43:983][763]LogUObjectHash: Compacting FUObjectHashTables data took   3.59ms
[2020.12.30-21.18.43:998][764]LogPlayLevel: Display: Destroying online subsystem :Context_3
[2020.12.30-21.19.00:632][732]LogSlate: Took 0.000171 seconds to synchronously load lazily loaded font '../../../Engine/Content/Slate/Fonts/Roboto-Italic.ttf' (157K)
[2020.12.30-21.19.03:796][104]Cmd: OBJ SAVEPACKAGE PACKAGE="/Game/Blueprints/BP_EQControler" FILE="E:/Repos/UE4-AudioVisualizer/AudioVisualizer/Content/Blueprints/BP_EQControler.uasset" SILENT=true
[2020.12.30-21.19.03:843][104]LogSavePackage: Moving 'E:/Repos/UE4-AudioVisualizer/AudioVisualizer/Saved/BP_EQControlerF33235084E3698673F7DDB86A1B2EB59.tmp' to 'E:/Repos/UE4-AudioVisualizer/AudioVisualizer/Content/Blueprints/BP_EQControler.uasset'
[2020.12.30-21.19.03:858][104]AssetCheck: New page: Asset Save: BP_EQControler
[2020.12.30-21.19.03:858][104]LogContentValidation: Display: Validating Blueprint /Game/Blueprints/BP_EQControler.BP_EQControler
[2020.12.30-21.19.04:739][207]BlueprintLog: New page: Compile BP_EQControler
[2020.12.30-21.19.04:743][207]LogActor: Warning: BP_EQControler_C /Game/Maps/Test.Test:PersistentLevel.BP_EQControler_2 has natively added scene component(s), but none of them were set as the actor's RootComponent - picking one arbitrarily
[2020.12.30-21.19.04:744][207]LogActor: Warning: BP_EQControler_C /Engine/Transient.World_1:PersistentLevel.BP_EQControler_C_0 has natively added scene component(s), but none of them were set as the actor's RootComponent - picking one arbitrarily
[2020.12.30-21.19.04:993][207]LogUObjectHash: Compacting FUObjectHashTables data took   3.68ms
[2020.12.30-21.19.05:541][270]Cmd: OBJ SAVEPACKAGE PACKAGE="/Game/Blueprints/BP_EQControler" FILE="E:/Repos/UE4-AudioVisualizer/AudioVisualizer/Content/Blueprints/BP_EQControler.uasset" SILENT=true
[2020.12.30-21.19.05:552][270]LogSavePackage: Moving 'E:/Repos/UE4-AudioVisualizer/AudioVisualizer/Saved/BP_EQControlerA849AD3B4716F1E5137E7CBAC0107D3A.tmp' to 'E:/Repos/UE4-AudioVisualizer/AudioVisualizer/Content/Blueprints/BP_EQControler.uasset'
[2020.12.30-21.19.05:563][270]AssetCheck: New page: Asset Save: BP_EQControler
[2020.12.30-21.19.05:563][270]LogContentValidation: Display: Validating Blueprint /Game/Blueprints/BP_EQControler.BP_EQControler
[2020.12.30-21.19.07:769][532]LogTemp: Repeating last play command: Simulate
[2020.12.30-21.19.07:783][532]LogPlayLevel: PlayLevel: No blueprints needed recompiling
[2020.12.30-21.19.07:784][532]PIE: New page: SIE session: Test (Dec 30, 2020, 11:19:07 AM)
[2020.12.30-21.19.07:784][532]LogPlayLevel: Creating play world package: /Game/Maps/UEDPIE_0_Test
[2020.12.30-21.19.07:786][532]LogPlayLevel: PIE: StaticDuplicateObject took: (0.001831s)
[2020.12.30-21.19.07:787][532]LogAIModule: Creating AISystem for world Test
[2020.12.30-21.19.07:787][532]LogPlayLevel: PIE: World Init took: (0.001010s)
[2020.12.30-21.19.07:787][532]LogPlayLevel: PIE: Created PIE world by copying editor world from /Game/Maps/Test.Test to /Game/Maps/UEDPIE_0_Test.Test (0.003045s)
[2020.12.30-21.19.07:816][532]LogUObjectHash: Compacting FUObjectHashTables data took   3.42ms
[2020.12.30-21.19.07:817][532]LogAudioMixer: Display: Audio Mixer Platform Settings:
[2020.12.30-21.19.07:817][532]LogAudioMixer: Display: 	Sample Rate:						  48000
[2020.12.30-21.19.07:818][532]LogAudioMixer: Display: 	Callback Buffer Frame Size Requested: 1024
[2020.12.30-21.19.07:818][532]LogAudioMixer: Display: 	Callback Buffer Frame Size To Use:	  1024
[2020.12.30-21.19.07:818][532]LogAudioMixer: Display: 	Number of buffers to queue:			  2
[2020.12.30-21.19.07:818][532]LogAudioMixer: Display: 	Max Channels (voices):				  32
[2020.12.30-21.19.07:818][532]LogAudioMixer: Display: 	Number of Async Source Workers:		  0
[2020.12.30-21.19.07:818][532]LogAudio: Display: AudioDevice MaxSources: 32
[2020.12.30-21.19.07:818][532]LogAudio: Display: Using built-in audio occlusion.
[2020.12.30-21.19.07:818][532]LogAudioMixer: Display: Initializing audio mixer.
[2020.12.30-21.19.07:883][532]LogAudioMixer: Display: Audio Device Output Speaker Info:
[2020.12.30-21.19.07:883][532]LogAudioMixer: Display: Name: Headphones (2- Elgato Wave:3)
[2020.12.30-21.19.07:884][532]LogAudioMixer: Display: Is Default: Yes
[2020.12.30-21.19.07:884][532]LogAudioMixer: Display: Sample Rate: 48000
[2020.12.30-21.19.07:884][532]LogAudioMixer: Display: Channel Count Used: 2
[2020.12.30-21.19.07:884][532]LogAudioMixer: Display: Device Channel Count: 2
[2020.12.30-21.19.07:884][532]LogAudioMixer: Display: Channel Order:
[2020.12.30-21.19.07:884][532]LogAudioMixer: Display: 0: FrontLeft
[2020.12.30-21.19.07:884][532]LogAudioMixer: Display: 1: FrontRight
[2020.12.30-21.19.07:898][532]LogAudioMixer: Display: Using Audio Device Headphones (2- Elgato Wave:3)
[2020.12.30-21.19.07:901][532]LogInit: FAudioDevice initialized.
[2020.12.30-21.19.07:908][532]LogLoad: Game class is 'GameModeBase'
[2020.12.30-21.19.07:909][532]LogWorld: Bringing World /Game/Maps/UEDPIE_0_Test.Test up for play (max tick rate 0) at 2020.12.30-16.19.07
[2020.12.30-21.19.07:909][532]LogWorld: Bringing up level for play took: 0.000450
[2020.12.30-21.19.07:909][532]LogOnline: OSS: Creating online subsystem instance for: :Context_4
[2020.12.30-21.19.07:911][532]LogActor: Warning: BP_Cube_C /Game/Maps/UEDPIE_0_Test.Test:PersistentLevel.BP_Cube_C_0 has natively added scene component(s), but none of them were set as the actor's RootComponent - picking one arbitrarily
[2020.12.30-21.19.07:911][532]LogActor: Warning: BP_Cube_C /Game/Maps/UEDPIE_0_Test.Test:PersistentLevel.BP_Cube_C_1 has natively added scene component(s), but none of them were set as the actor's RootComponent - picking one arbitrarily
[2020.12.30-21.19.07:911][532]LogActor: Warning: BP_Cube_C /Game/Maps/UEDPIE_0_Test.Test:PersistentLevel.BP_Cube_C_2 has natively added scene component(s), but none of them were set as the actor's RootComponent - picking one arbitrarily
[2020.12.30-21.19.07:911][532]LogActor: Warning: BP_Cube_C /Game/Maps/UEDPIE_0_Test.Test:PersistentLevel.BP_Cube_C_3 has natively added scene component(s), but none of them were set as the actor's RootComponent - picking one arbitrarily
[2020.12.30-21.19.07:912][532]LogActor: Warning: BP_Cube_C /Game/Maps/UEDPIE_0_Test.Test:PersistentLevel.BP_Cube_C_4 has natively added scene component(s), but none of them were set as the actor's RootComponent - picking one arbitrarily
[2020.12.30-21.19.07:912][532]LogActor: Warning: BP_Cube_C /Game/Maps/UEDPIE_0_Test.Test:PersistentLevel.BP_Cube_C_5 has natively added scene component(s), but none of them were set as the actor's RootComponent - picking one arbitrarily
[2020.12.30-21.19.07:912][532]LogActor: Warning: BP_Cube_C /Game/Maps/UEDPIE_0_Test.Test:PersistentLevel.BP_Cube_C_6 has natively added scene component(s), but none of them were set as the actor's RootComponent - picking one arbitrarily
[2020.12.30-21.19.07:912][532]LogActor: Warning: BP_Cube_C /Game/Maps/UEDPIE_0_Test.Test:PersistentLevel.BP_Cube_C_7 has natively added scene component(s), but none of them were set as the actor's RootComponent - picking one arbitrarily
[2020.12.30-21.19.07:912][532]LogActor: Warning: BP_Cube_C /Game/Maps/UEDPIE_0_Test.Test:PersistentLevel.BP_Cube_C_8 has natively added scene component(s), but none of them were set as the actor's RootComponent - picking one arbitrarily
[2020.12.30-21.19.07:913][532]PIE: Play in editor start time for /Game/Maps/UEDPIE_0_Test -0.501
[2020.12.30-21.19.09:911][771]LogAudioMixer: Display: No commands were queued while flushing the source manager.
[2020.12.30-21.19.09:921][771]LogAudioMixer: Display: Flush succeeded in the source manager command queue (1).
[2020.12.30-21.19.09:941][771]LogAudioMixer: Display: Flush succeeded the source manager command queue (2).
[2020.12.30-21.19.09:941][771]LogSlate: Updating window title bar state: overlay mode, drag disabled, window buttons hidden, title bar hidden
[2020.12.30-21.19.09:941][771]LogWorld: BeginTearingDown for /Game/Maps/UEDPIE_0_Test
[2020.12.30-21.19.09:942][771]LogAudioMixer: Display: No commands were queued while flushing the source manager.
[2020.12.30-21.19.09:942][771]LogWorld: UWorld::CleanupWorld for Test, bSessionEnded=true, bCleanupResources=true
[2020.12.30-21.19.09:943][771]LogSlate: InvalidateAllWidgets triggered.  All widgets were invalidated
[2020.12.30-21.19.09:953][771]LogPlayLevel: Display: Shutting down PIE online subsystems
[2020.12.30-21.19.09:959][771]LogSlate: InvalidateAllWidgets triggered.  All widgets were invalidated
[2020.12.30-21.19.09:989][771]LogAudioMixer: Display: No commands were queued while flushing the source manager.
[2020.12.30-21.19.09:993][771]LogSlate: Updating window title bar state: overlay mode, drag disabled, window buttons hidden, title bar hidden
[2020.12.30-21.19.09:996][771]LogUObjectHash: Compacting FUObjectHashTables data took   2.93ms
[2020.12.30-21.19.10:018][773]LogPlayLevel: Display: Destroying online subsystem :Context_4
