Log file open, 12/30/20 16:04:07
LogWindows: Failed to load 'aqProf.dll' (GetLastError=126)
LogWindows: File 'aqProf.dll' does not exist
LogWindows: Failed to load 'VtuneApi.dll' (GetLastError=126)
LogWindows: File 'VtuneApi.dll' does not exist
LogWindows: Failed to load 'VtuneApi32e.dll' (GetLastError=126)
LogWindows: File 'VtuneApi32e.dll' does not exist
LogConsoleResponse: Display: Failed to find resolution value strings in scalability ini. Falling back to default.
LogInit: Display: Running engine for game: AudioVisualizer
LogPlatformFile: Not using cached read wrapper
LogTaskGraph: Started task graph with 5 named threads and 47 total threads with 3 sets of task threads.
LogStats: Stats thread started at 0.142521
LogD3D11RHI: Loaded GFSDK_Aftermath_Lib.x64.dll
LogICUInternationalization: ICU TimeZone Detection - Raw Offset: -5:00, Platform Override: ''
LogPluginManager: Mounting plugin Paper2D
LogPluginManager: Mounting plugin AISupport
LogPluginManager: Mounting plugin LightPropagationVolume
LogPluginManager: Mounting plugin ActorLayerUtilities
LogPluginManager: Mounting plugin AnimationSharing
LogPluginManager: Mounting plugin CLionSourceCodeAccess
LogPluginManager: Mounting plugin CodeLiteSourceCodeAccess
LogPluginManager: Mounting plugin GitSourceControl
LogPluginManager: Mounting plugin KDevelopSourceCodeAccess
LogPluginManager: Mounting plugin NullSourceCodeAccess
LogPluginManager: Mounting plugin PerforceSourceControl
LogPluginManager: Mounting plugin PlasticSourceControl
LogPluginManager: Mounting plugin SubversionSourceControl
LogPluginManager: Mounting plugin UObjectPlugin
LogPluginManager: Mounting plugin VisualStudioCodeSourceCodeAccess
LogPluginManager: Mounting plugin VisualStudioSourceCodeAccess
LogPluginManager: Mounting plugin XCodeSourceCodeAccess
LogPluginManager: Mounting plugin AssetManagerEditor
LogPluginManager: Mounting plugin CryptoKeys
LogPluginManager: Mounting plugin CurveEditorTools
LogPluginManager: Mounting plugin DataValidation
LogPluginManager: Mounting plugin FacialAnimation
LogPluginManager: Mounting plugin GameplayTagsEditor
LogPluginManager: Mounting plugin MacGraphicsSwitching
LogPluginManager: Mounting plugin MaterialAnalyzer
LogPluginManager: Mounting plugin MobileLauncherProfileWizard
LogPluginManager: Mounting plugin PluginBrowser
LogPluginManager: Mounting plugin SpeedTreeImporter
LogPluginManager: Mounting plugin DatasmithContent
LogPluginManager: Mounting plugin VariantManagerContent
LogPluginManager: Mounting plugin AlembicImporter
LogPluginManager: Mounting plugin AutomationUtils
LogPluginManager: Mounting plugin BackChannel
LogPluginManager: Mounting plugin CharacterAI
LogPluginManager: Mounting plugin GeometryCache
LogPluginManager: Mounting plugin PlatformCrypto
LogPluginManager: Mounting plugin ProxyLODPlugin
LogPluginManager: Mounting plugin SkeletalReduction
LogPluginManager: Mounting plugin MagicLeap
LogPluginManager: Mounting plugin MagicLeapMedia
LogPluginManager: Mounting plugin MLSDK
LogPluginManager: Mounting plugin AndroidMedia
LogPluginManager: Mounting plugin AvfMedia
LogPluginManager: Mounting plugin ImgMedia
LogPluginManager: Mounting plugin MediaCompositing
LogPluginManager: Mounting plugin MediaPlayerEditor
LogPluginManager: Mounting plugin WebMMedia
LogPluginManager: Mounting plugin WmfMedia
LogPluginManager: Mounting plugin TcpMessaging
LogPluginManager: Mounting plugin UdpMessaging
LogPluginManager: Mounting plugin ActorSequence
LogPluginManager: Mounting plugin LevelSequenceEditor
LogPluginManager: Mounting plugin MatineeToLevelSequence
LogPluginManager: Mounting plugin NetcodeUnitTest
LogPluginManager: Mounting plugin NUTUnrealEngine4
LogPluginManager: Mounting plugin OnlineSubsystemGooglePlay
LogPluginManager: Mounting plugin OnlineSubsystemIOS
LogPluginManager: Mounting plugin OnlineSubsystem
LogPluginManager: Mounting plugin OnlineSubsystemNull
LogPluginManager: Mounting plugin OnlineSubsystemUtils
LogPluginManager: Mounting plugin LauncherChunkInstaller
LogPluginManager: Mounting plugin AndroidDeviceProfileSelector
LogPluginManager: Mounting plugin AndroidMoviePlayer
LogPluginManager: Mounting plugin AndroidPermission
LogPluginManager: Mounting plugin AppleImageUtils
LogPluginManager: Mounting plugin AppleMoviePlayer
LogPluginManager: Mounting plugin ArchVisCharacter
LogPluginManager: Mounting plugin AssetTags
LogPluginManager: Mounting plugin AudioCapture
LogPluginManager: Mounting plugin CableComponent
LogPluginManager: Mounting plugin CustomMeshComponent
LogPluginManager: Mounting plugin EditableMesh
LogPluginManager: Mounting plugin ExampleDeviceProfileSelector
LogPluginManager: Mounting plugin GoogleCloudMessaging
LogPluginManager: Mounting plugin IOSDeviceProfileSelector
LogPluginManager: Mounting plugin LinuxDeviceProfileSelector
LogPluginManager: Mounting plugin LocationServicesBPLibrary
LogPluginManager: Mounting plugin MobilePatchingUtils
LogPluginManager: Mounting plugin OculusVR
LogPluginManager: Mounting plugin PhysXVehicles
LogPluginManager: Mounting plugin PostSplashScreen
LogPluginManager: Mounting plugin ProceduralMeshComponent
LogPluginManager: Mounting plugin RuntimePhysXCooking
LogPluginManager: Mounting plugin SignificanceManager
LogPluginManager: Mounting plugin SoundVisualizations
LogPluginManager: Mounting plugin SteamVR
LogPluginManager: Mounting plugin WebMMoviePlayer
LogPluginManager: Mounting plugin WindowsMoviePlayer
LogPluginManager: Mounting plugin ScreenshotTools
LogInit: Using libcurl 7.55.1-DEV
LogInit:  - built for x86_64-pc-win32
LogInit:  - supports SSL with OpenSSL/1.1.1
LogInit:  - supports HTTP deflate (compression) using libz 1.2.8
LogInit:  - other features:
LogInit:      CURL_VERSION_SSL
LogInit:      CURL_VERSION_LIBZ
LogInit:      CURL_VERSION_IPV6
LogInit:      CURL_VERSION_ASYNCHDNS
LogInit:      CURL_VERSION_LARGEFILE
LogInit:      CURL_VERSION_IDN
LogInit:  CurlRequestOptions (configurable via config and command line):
LogInit:  - bVerifyPeer = true  - Libcurl will verify peer certificate
LogInit:  - bUseHttpProxy = false  - Libcurl will NOT use HTTP proxy
LogInit:  - bDontReuseConnections = false  - Libcurl will reuse connections
LogInit:  - MaxHostConnections = 16  - Libcurl will limit the number of connections to a host
LogInit:  - LocalHostAddr = Default
LogInit:  - BufferSize = 65536
LogOnline: OSS: Creating online subsystem instance for: NULL
LogInit: WinSock: version 1.1 (2.2), MaxSocks=32767, MaxUdp=65467
LogOnline: OSS: TryLoadSubsystemAndSetDefault: Loaded subsystem for module [NULL]
LogInit: Build: ++UE4+Release-4.24-CL-11590370
LogInit: Engine Version: 4.24.3-11590370+++UE4+Release-4.24
LogInit: Compatible Engine Version: 4.24.0-10570792+++UE4+Release-4.24
LogInit: Net CL: 10570792
LogInit: OS: Windows 10 (Release 1909) (), CPU: AMD Ryzen 7 3700X 8-Core Processor             , GPU: NVIDIA GeForce RTX 2080 Ti
LogInit: Compiled (64-bit): Feb 24 2020 15:39:18
LogInit: Compiled with Visual C++: 19.16.27032.01
LogInit: Build Configuration: Development
LogInit: Branch Name: ++UE4+Release-4.24
LogInit: Command Line:  -skipcompile
LogInit: Base Directory: C:/Program Files/Epic Games/UE_4.24/Engine/Binaries/Win64/
LogInit: Installed Engine Build: 1
LogDevObjectVersion: Number of dev versions registered: 25
LogDevObjectVersion:   Dev-Blueprints (B0D832E4-1F89-4F0D-ACCF-7EB736FD4AA2): 10
LogDevObjectVersion:   Dev-Build (E1C64328-A22C-4D53-A36C-8E866417BD8C): 0
LogDevObjectVersion:   Dev-Core (375EC13C-06E4-48FB-B500-84F0262A717E): 3
LogDevObjectVersion:   Dev-Editor (E4B068ED-F494-42E9-A231-DA0B2E46BB41): 37
LogDevObjectVersion:   Dev-Framework (CFFC743F-43B0-4480-9391-14DF171D2073): 36
LogDevObjectVersion:   Dev-Mobile (B02B49B5-BB20-44E9-A304-32B752E40360): 2
LogDevObjectVersion:   Dev-Networking (A4E4105C-59A1-49B5-A7C5-40C4547EDFEE): 0
LogDevObjectVersion:   Dev-Online (39C831C9-5AE6-47DC-9A44-9C173E1C8E7C): 0
LogDevObjectVersion:   Dev-Physics (78F01B33-EBEA-4F98-B9B4-84EACCB95AA2): 2
LogDevObjectVersion:   Dev-Platform (6631380F-2D4D-43E0-8009-CF276956A95A): 0
LogDevObjectVersion:   Dev-Rendering (12F88B9F-8875-4AFC-A67C-D90C383ABD29): 36
LogDevObjectVersion:   Dev-Sequencer (7B5AE74C-D270-4C10-A958-57980B212A5A): 11
LogDevObjectVersion:   Dev-VR (D7296918-1DD6-4BDD-9DE2-64A83CC13884): 2
LogDevObjectVersion:   Dev-LoadTimes (C2A15278-BFE7-4AFE-6C17-90FF531DF755): 1
LogDevObjectVersion:   Private-Geometry (6EACA3D4-40EC-4CC1-B786-8BED09428FC5): 3
LogDevObjectVersion:   Dev-AnimPhys (29E575DD-E0A3-4627-9D10-D276232CDCEA): 17
LogDevObjectVersion:   Dev-Anim (AF43A65D-7FD3-4947-9873-3E8ED9C1BB05): 2
LogDevObjectVersion:   Dev-ReflectionCapture (6B266CEC-1EC7-4B8F-A30B-E4D90942FC07): 1
LogDevObjectVersion:   Dev-Automation (0DF73D61-A23F-47EA-B727-89E90C41499A): 1
LogDevObjectVersion:   FortniteMain (601D1886-AC64-4F84-AA16-D3DE0DEAC7D6): 31
LogDevObjectVersion:   Dev-Enterprise (9DFFBCD6-494F-0158-E221-12823C92A888): 8
LogDevObjectVersion:   Dev-Niagara (F2AED0AC-9AFE-416F-8664-AA7FFA26D6FC): 1
LogDevObjectVersion:   Dev-Destruction (174F1F0B-B4C6-45A5-B13F-2EE8D0FB917D): 9
LogDevObjectVersion:   Dev-Physics-Ext (35F94A83-E258-406C-A318-09F59610247C): 8
LogDevObjectVersion:   Dev-CineCamera (B2E18506-4273-CFC2-A54E-F4BB758BBA07): 1
LogInit: Presizing for max 25165824 objects, including 0 objects not considered by GC, pre-allocating 0 bytes for permanent pool.
LogInit: Object subsystem initialized
LogConfig: Setting CVar [[con.DebugEarlyDefault:1]]
LogConfig: Setting CVar [[r.setres:1280x720]]
[2020.12.30-21.04.07:232][  0]LogConfig: Setting CVar [[r.VSync:0]]
[2020.12.30-21.04.07:232][  0]LogConfig: Setting CVar [[r.RHICmdBypass:0]]
[2020.12.30-21.04.07:232][  0]LogConfig: Applying CVar settings from Section [/Script/Engine.RendererSettings] File [E:/Repos/UE4-AudioVisualizer/AudioVisualizer/Saved/Config/Windows/Engine.ini]
[2020.12.30-21.04.07:232][  0]LogConfig: Setting CVar [[r.GPUCrashDebugging:0]]
[2020.12.30-21.04.07:232][  0]LogConfig: Applying CVar settings from Section [/Script/Engine.RendererOverrideSettings] File [E:/Repos/UE4-AudioVisualizer/AudioVisualizer/Saved/Config/Windows/Engine.ini]
[2020.12.30-21.04.07:232][  0]LogConfig: Applying CVar settings from Section [/Script/Engine.StreamingSettings] File [E:/Repos/UE4-AudioVisualizer/AudioVisualizer/Saved/Config/Windows/Engine.ini]
[2020.12.30-21.04.07:232][  0]LogConfig: Setting CVar [[s.MinBulkDataSizeForAsyncLoading:131072]]
[2020.12.30-21.04.07:232][  0]LogConfig: Setting CVar [[s.AsyncLoadingThreadEnabled:0]]
[2020.12.30-21.04.07:232][  0]LogConfig: Setting CVar [[s.EventDrivenLoaderEnabled:1]]
[2020.12.30-21.04.07:232][  0]LogConfig: Setting CVar [[s.WarnIfTimeLimitExceeded:0]]
[2020.12.30-21.04.07:232][  0]LogConfig: Setting CVar [[s.TimeLimitExceededMultiplier:1.5]]
[2020.12.30-21.04.07:232][  0]LogConfig: Setting CVar [[s.TimeLimitExceededMinTime:0.005]]
[2020.12.30-21.04.07:232][  0]LogConfig: Setting CVar [[s.UseBackgroundLevelStreaming:1]]
[2020.12.30-21.04.07:232][  0]LogConfig: Setting CVar [[s.PriorityAsyncLoadingExtraTime:15.0]]
[2020.12.30-21.04.07:232][  0]LogConfig: Setting CVar [[s.LevelStreamingActorsUpdateTimeLimit:5.0]]
[2020.12.30-21.04.07:232][  0]LogConfig: Setting CVar [[s.PriorityLevelStreamingActorsUpdateExtraTime:5.0]]
[2020.12.30-21.04.07:232][  0]LogConfig: Setting CVar [[s.LevelStreamingComponentsRegistrationGranularity:10]]
[2020.12.30-21.04.07:233][  0]LogConfig: Setting CVar [[s.UnregisterComponentsTimeLimit:1.0]]
[2020.12.30-21.04.07:233][  0]LogConfig: Setting CVar [[s.LevelStreamingComponentsUnregistrationGranularity:5]]
[2020.12.30-21.04.07:233][  0]LogConfig: Setting CVar [[s.FlushStreamingOnExit:1]]
[2020.12.30-21.04.07:233][  0]LogConfig: Applying CVar settings from Section [/Script/Engine.GarbageCollectionSettings] File [E:/Repos/UE4-AudioVisualizer/AudioVisualizer/Saved/Config/Windows/Engine.ini]
[2020.12.30-21.04.07:233][  0]LogConfig: Setting CVar [[gc.MaxObjectsNotConsideredByGC:1]]
[2020.12.30-21.04.07:233][  0]LogConfig: Setting CVar [[gc.SizeOfPermanentObjectPool:0]]
[2020.12.30-21.04.07:233][  0]LogConfig: Setting CVar [[gc.FlushStreamingOnGC:0]]
[2020.12.30-21.04.07:233][  0]LogConfig: Setting CVar [[gc.NumRetriesBeforeForcingGC:10]]
[2020.12.30-21.04.07:233][  0]LogConfig: Setting CVar [[gc.AllowParallelGC:1]]
[2020.12.30-21.04.07:233][  0]LogConfig: Setting CVar [[gc.TimeBetweenPurgingPendingKillObjects:61.1]]
[2020.12.30-21.04.07:233][  0]LogConfig: Setting CVar [[gc.MaxObjectsInEditor:25165824]]
[2020.12.30-21.04.07:233][  0]LogConfig: Setting CVar [[gc.IncrementalBeginDestroyEnabled:1]]
[2020.12.30-21.04.07:233][  0]LogConfig: Setting CVar [[gc.CreateGCClusters:1]]
[2020.12.30-21.04.07:233][  0]LogConfig: Setting CVar [[gc.MinGCClusterSize:5]]
[2020.12.30-21.04.07:233][  0]LogConfig: Setting CVar [[gc.ActorClusteringEnabled:0]]
[2020.12.30-21.04.07:233][  0]LogConfig: Setting CVar [[gc.BlueprintClusteringEnabled:0]]
[2020.12.30-21.04.07:233][  0]LogConfig: Setting CVar [[gc.UseDisregardForGCOnDedicatedServers:0]]
[2020.12.30-21.04.07:233][  0]LogConfig: Applying CVar settings from Section [/Script/Engine.NetworkSettings] File [E:/Repos/UE4-AudioVisualizer/AudioVisualizer/Saved/Config/Windows/Engine.ini]
[2020.12.30-21.04.07:233][  0]LogConfig: Applying CVar settings from Section [/Script/UnrealEd.CookerSettings] File [E:/Repos/UE4-AudioVisualizer/AudioVisualizer/Saved/Config/Windows/Engine.ini]
[2020.12.30-21.04.07:239][  0]LogConfig: Applying CVar settings from Section [ViewDistanceQuality@3] File [E:/Repos/UE4-AudioVisualizer/AudioVisualizer/Saved/Config/Windows/Scalability.ini]
[2020.12.30-21.04.07:239][  0]LogConfig: Setting CVar [[r.SkeletalMeshLODBias:0]]
[2020.12.30-21.04.07:239][  0]LogConfig: Setting CVar [[r.ViewDistanceScale:1.0]]
[2020.12.30-21.04.07:239][  0]LogConfig: Applying CVar settings from Section [AntiAliasingQuality@3] File [E:/Repos/UE4-AudioVisualizer/AudioVisualizer/Saved/Config/Windows/Scalability.ini]
[2020.12.30-21.04.07:239][  0]LogConfig: Setting CVar [[r.PostProcessAAQuality:4]]
[2020.12.30-21.04.07:239][  0]LogConfig: Applying CVar settings from Section [ShadowQuality@3] File [E:/Repos/UE4-AudioVisualizer/AudioVisualizer/Saved/Config/Windows/Scalability.ini]
[2020.12.30-21.04.07:239][  0]LogConfig: Setting CVar [[r.LightFunctionQuality:1]]
[2020.12.30-21.04.07:239][  0]LogConfig: Setting CVar [[r.ShadowQuality:5]]
[2020.12.30-21.04.07:239][  0]LogConfig: Setting CVar [[r.Shadow.CSM.MaxCascades:10]]
[2020.12.30-21.04.07:239][  0]LogConfig: Setting CVar [[r.Shadow.MaxResolution:2048]]
[2020.12.30-21.04.07:239][  0]LogConfig: Setting CVar [[r.Shadow.MaxCSMResolution:2048]]
[2020.12.30-21.04.07:239][  0]LogConfig: Setting CVar [[r.Shadow.RadiusThreshold:0.01]]
[2020.12.30-21.04.07:239][  0]LogConfig: Setting CVar [[r.Shadow.DistanceScale:1.0]]
[2020.12.30-21.04.07:239][  0]LogConfig: Setting CVar [[r.Shadow.CSM.TransitionScale:1.0]]
[2020.12.30-21.04.07:240][  0]LogConfig: Setting CVar [[r.Shadow.PreShadowResolutionFactor:1.0]]
[2020.12.30-21.04.07:240][  0]LogConfig: Setting CVar [[r.DistanceFieldShadowing:1]]
[2020.12.30-21.04.07:240][  0]LogConfig: Setting CVar [[r.DistanceFieldAO:1]]
[2020.12.30-21.04.07:240][  0]LogConfig: Setting CVar [[r.AOQuality:2]]
[2020.12.30-21.04.07:240][  0]LogConfig: Setting CVar [[r.VolumetricFog:1]]
[2020.12.30-21.04.07:240][  0]LogConfig: Setting CVar [[r.VolumetricFog.GridPixelSize:8]]
[2020.12.30-21.04.07:240][  0]LogConfig: Setting CVar [[r.VolumetricFog.GridSizeZ:128]]
[2020.12.30-21.04.07:240][  0]LogConfig: Setting CVar [[r.VolumetricFog.HistoryMissSupersampleCount:4]]
[2020.12.30-21.04.07:240][  0]LogConfig: Setting CVar [[r.LightMaxDrawDistanceScale:1]]
[2020.12.30-21.04.07:240][  0]LogConfig: Setting CVar [[r.CapsuleShadows:1]]
[2020.12.30-21.04.07:240][  0]LogConfig: Applying CVar settings from Section [PostProcessQuality@3] File [E:/Repos/UE4-AudioVisualizer/AudioVisualizer/Saved/Config/Windows/Scalability.ini]
[2020.12.30-21.04.07:240][  0]LogConfig: Setting CVar [[r.MotionBlurQuality:4]]
[2020.12.30-21.04.07:240][  0]LogConfig: Setting CVar [[r.AmbientOcclusionMipLevelFactor:0.4]]
[2020.12.30-21.04.07:240][  0]LogConfig: Setting CVar [[r.AmbientOcclusionMaxQuality:100]]
[2020.12.30-21.04.07:240][  0]LogConfig: Setting CVar [[r.AmbientOcclusionLevels:-1]]
[2020.12.30-21.04.07:240][  0]LogConfig: Setting CVar [[r.AmbientOcclusionRadiusScale:1.0]]
[2020.12.30-21.04.07:240][  0]LogConfig: Setting CVar [[r.DepthOfFieldQuality:2]]
[2020.12.30-21.04.07:240][  0]LogConfig: Setting CVar [[r.RenderTargetPoolMin:400]]
[2020.12.30-21.04.07:240][  0]LogConfig: Setting CVar [[r.LensFlareQuality:2]]
[2020.12.30-21.04.07:240][  0]LogConfig: Setting CVar [[r.SceneColorFringeQuality:1]]
[2020.12.30-21.04.07:240][  0]LogConfig: Setting CVar [[r.EyeAdaptationQuality:2]]
[2020.12.30-21.04.07:240][  0]LogConfig: Setting CVar [[r.BloomQuality:5]]
[2020.12.30-21.04.07:240][  0]LogConfig: Setting CVar [[r.FastBlurThreshold:100]]
[2020.12.30-21.04.07:240][  0]LogConfig: Setting CVar [[r.Upscale.Quality:3]]
[2020.12.30-21.04.07:240][  0]LogConfig: Setting CVar [[r.Tonemapper.GrainQuantization:1]]
[2020.12.30-21.04.07:241][  0]LogConfig: Setting CVar [[r.LightShaftQuality:1]]
[2020.12.30-21.04.07:241][  0]LogConfig: Setting CVar [[r.Filter.SizeScale:1]]
[2020.12.30-21.04.07:241][  0]LogConfig: Setting CVar [[r.Tonemapper.Quality:5]]
[2020.12.30-21.04.07:241][  0]LogConfig: Setting CVar [[r.DOF.Gather.AccumulatorQuality:1        ; higher gathering accumulator quality]]
[2020.12.30-21.04.07:241][  0]LogConfig: Setting CVar [[r.DOF.Gather.PostfilterMethod:1          ; Median3x3 postfilering method]]
[2020.12.30-21.04.07:241][  0]LogConfig: Setting CVar [[r.DOF.Gather.EnableBokehSettings:0       ; no bokeh simulation when gathering]]
[2020.12.30-21.04.07:241][  0]LogConfig: Setting CVar [[r.DOF.Gather.RingCount:4                 ; medium number of samples when gathering]]
[2020.12.30-21.04.07:241][  0]LogConfig: Setting CVar [[r.DOF.Scatter.ForegroundCompositing:1    ; additive foreground scattering]]
[2020.12.30-21.04.07:241][  0]LogConfig: Setting CVar [[r.DOF.Scatter.BackgroundCompositing:2    ; additive background scattering]]
[2020.12.30-21.04.07:241][  0]LogConfig: Setting CVar [[r.DOF.Scatter.EnableBokehSettings:1      ; bokeh simulation when scattering]]
[2020.12.30-21.04.07:241][  0]LogConfig: Setting CVar [[r.DOF.Scatter.MaxSpriteRatio:0.1         ; only a maximum of 10% of scattered bokeh]]
[2020.12.30-21.04.07:241][  0]LogConfig: Setting CVar [[r.DOF.Recombine.Quality:1                ; cheap slight out of focus]]
[2020.12.30-21.04.07:241][  0]LogConfig: Setting CVar [[r.DOF.Recombine.EnableBokehSettings:0    ; no bokeh simulation on slight out of focus]]
[2020.12.30-21.04.07:241][  0]LogConfig: Setting CVar [[r.DOF.TemporalAAQuality:1                ; more stable temporal accumulation]]
[2020.12.30-21.04.07:241][  0]LogConfig: Setting CVar [[r.DOF.Kernel.MaxForegroundRadius:0.025]]
[2020.12.30-21.04.07:241][  0]LogConfig: Setting CVar [[r.DOF.Kernel.MaxBackgroundRadius:0.025]]
[2020.12.30-21.04.07:241][  0]LogConfig: Applying CVar settings from Section [TextureQuality@3] File [E:/Repos/UE4-AudioVisualizer/AudioVisualizer/Saved/Config/Windows/Scalability.ini]
[2020.12.30-21.04.07:241][  0]LogConfig: Setting CVar [[r.Streaming.MipBias:0]]
[2020.12.30-21.04.07:241][  0]LogConfig: Setting CVar [[r.Streaming.AmortizeCPUToGPUCopy:0]]
[2020.12.30-21.04.07:241][  0]LogConfig: Setting CVar [[r.Streaming.MaxNumTexturesToStreamPerFrame:0]]
[2020.12.30-21.04.07:241][  0]LogConfig: Setting CVar [[r.Streaming.Boost:1]]
[2020.12.30-21.04.07:241][  0]LogConfig: Setting CVar [[r.MaxAnisotropy:8]]
[2020.12.30-21.04.07:241][  0]LogConfig: Setting CVar [[r.VT.MaxAnisotropy:8]]
[2020.12.30-21.04.07:242][  0]LogConfig: Setting CVar [[r.Streaming.LimitPoolSizeToVRAM:0]]
[2020.12.30-21.04.07:242][  0]LogConfig: Setting CVar [[r.Streaming.PoolSize:1000]]
[2020.12.30-21.04.07:242][  0]LogConfig: Setting CVar [[r.Streaming.MaxEffectiveScreenSize:0]]
[2020.12.30-21.04.07:242][  0]LogConfig: Applying CVar settings from Section [EffectsQuality@3] File [E:/Repos/UE4-AudioVisualizer/AudioVisualizer/Saved/Config/Windows/Scalability.ini]
[2020.12.30-21.04.07:242][  0]LogConfig: Setting CVar [[r.TranslucencyLightingVolumeDim:64]]
[2020.12.30-21.04.07:242][  0]LogConfig: Setting CVar [[r.RefractionQuality:2]]
[2020.12.30-21.04.07:242][  0]LogConfig: Setting CVar [[r.SSR.Quality:3]]
[2020.12.30-21.04.07:242][  0]LogConfig: Setting CVar [[r.SSR.HalfResSceneColor:0]]
[2020.12.30-21.04.07:242][  0]LogConfig: Setting CVar [[r.SceneColorFormat:4]]
[2020.12.30-21.04.07:242][  0]LogConfig: Setting CVar [[r.DetailMode:2]]
[2020.12.30-21.04.07:242][  0]LogConfig: Setting CVar [[r.TranslucencyVolumeBlur:1]]
[2020.12.30-21.04.07:242][  0]LogConfig: Setting CVar [[r.MaterialQualityLevel:1 ; High quality]]
[2020.12.30-21.04.07:242][  0]LogConfig: Setting CVar [[r.SSS.Scale:1]]
[2020.12.30-21.04.07:242][  0]LogConfig: Setting CVar [[r.SSS.SampleSet:2]]
[2020.12.30-21.04.07:242][  0]LogConfig: Setting CVar [[r.SSS.Quality:1]]
[2020.12.30-21.04.07:242][  0]LogConfig: Setting CVar [[r.SSS.HalfRes:1]]
[2020.12.30-21.04.07:242][  0]LogConfig: Setting CVar [[r.SSGI.Quality:3]]
[2020.12.30-21.04.07:242][  0]LogConfig: Setting CVar [[r.EmitterSpawnRateScale:1.0]]
[2020.12.30-21.04.07:242][  0]LogConfig: Setting CVar [[r.ParticleLightQuality:2]]
[2020.12.30-21.04.07:242][  0]LogConfig: Setting CVar [[r.SkyAtmosphere.AerialPerspectiveLUT.FastApplyOnOpaque:1 ; Always have FastSkyLUT 1 in this case to avoid wrong sky]]
[2020.12.30-21.04.07:242][  0]LogConfig: Setting CVar [[r.SkyAtmosphere.AerialPerspectiveLUT.SampleCountPerSlice:1]]
[2020.12.30-21.04.07:242][  0]LogConfig: Setting CVar [[r.SkyAtmosphere.AerialPerspectiveLUT.DepthResolution:16.0]]
[2020.12.30-21.04.07:242][  0]LogConfig: Setting CVar [[r.SkyAtmosphere.FastSkyLUT:1]]
[2020.12.30-21.04.07:243][  0]LogConfig: Setting CVar [[r.SkyAtmosphere.FastSkyLUT.SampleCountMin:4.0]]
[2020.12.30-21.04.07:243][  0]LogConfig: Setting CVar [[r.SkyAtmosphere.FastSkyLUT.SampleCountMax:32.0]]
[2020.12.30-21.04.07:243][  0]LogConfig: Setting CVar [[r.SkyAtmosphere.SampleCountMin:4.0]]
[2020.12.30-21.04.07:243][  0]LogConfig: Setting CVar [[r.SkyAtmosphere.SampleCountMax:32.0]]
[2020.12.30-21.04.07:243][  0]LogConfig: Setting CVar [[r.SkyAtmosphere.TransmittanceLUT.UseSmallFormat:0]]
[2020.12.30-21.04.07:243][  0]LogConfig: Setting CVar [[r.SkyAtmosphere.TransmittanceLUT.SampleCount:10.0]]
[2020.12.30-21.04.07:243][  0]LogConfig: Setting CVar [[r.SkyAtmosphere.MultiScatteringLUT.SampleCount:15.0]]
[2020.12.30-21.04.07:243][  0]LogConfig: Applying CVar settings from Section [FoliageQuality@3] File [E:/Repos/UE4-AudioVisualizer/AudioVisualizer/Saved/Config/Windows/Scalability.ini]
[2020.12.30-21.04.07:243][  0]LogConfig: Setting CVar [[foliage.DensityScale:1.0]]
[2020.12.30-21.04.07:243][  0]LogConfig: Setting CVar [[grass.DensityScale:1.0]]
[2020.12.30-21.04.07:243][  0]LogConfig: Applying CVar settings from Section [ShadingQuality@3] File [E:/Repos/UE4-AudioVisualizer/AudioVisualizer/Saved/Config/Windows/Scalability.ini]
[2020.12.30-21.04.07:243][  0]LogConfig: Setting CVar [[r.HairStrands.SkyLighting.SampleCount:16]]
[2020.12.30-21.04.07:243][  0]LogConfig: Setting CVar [[r.HairStrands.SkyLighting.JitterIntegration:0]]
[2020.12.30-21.04.07:243][  0]LogConfig: Setting CVar [[r.HairStrands.SkyAO.SampleCount:16]]
[2020.12.30-21.04.07:243][  0]LogInit: Selected Device Profile: [Windows]
[2020.12.30-21.04.07:243][  0]LogInit: Applying CVar settings loaded from the selected device profile: [Windows]
[2020.12.30-21.04.07:246][  0]LogHAL: Display: Platform has ~ 32 GB [34306269184 / 34359738368 / 32], which maps to Largest [LargestMinGB=32, LargerMinGB=12, DefaultMinGB=8, SmallerMinGB=6, SmallestMinGB=0)
[2020.12.30-21.04.07:246][  0]LogInit: Going up to parent DeviceProfile []
[2020.12.30-21.04.07:246][  0]LogConfig: Applying CVar settings from Section [ViewDistanceQuality@3] File [E:/Repos/UE4-AudioVisualizer/AudioVisualizer/Saved/Config/Windows/Scalability.ini]
[2020.12.30-21.04.07:246][  0]LogConfig: Setting CVar [[r.SkeletalMeshLODBias:0]]
[2020.12.30-21.04.07:246][  0]LogConfig: Setting CVar [[r.ViewDistanceScale:1.0]]
[2020.12.30-21.04.07:246][  0]LogConfig: Applying CVar settings from Section [AntiAliasingQuality@3] File [E:/Repos/UE4-AudioVisualizer/AudioVisualizer/Saved/Config/Windows/Scalability.ini]
[2020.12.30-21.04.07:246][  0]LogConfig: Setting CVar [[r.PostProcessAAQuality:4]]
[2020.12.30-21.04.07:246][  0]LogConfig: Applying CVar settings from Section [ShadowQuality@3] File [E:/Repos/UE4-AudioVisualizer/AudioVisualizer/Saved/Config/Windows/Scalability.ini]
[2020.12.30-21.04.07:246][  0]LogConfig: Setting CVar [[r.LightFunctionQuality:1]]
[2020.12.30-21.04.07:246][  0]LogConfig: Setting CVar [[r.ShadowQuality:5]]
[2020.12.30-21.04.07:246][  0]LogConfig: Setting CVar [[r.Shadow.CSM.MaxCascades:10]]
[2020.12.30-21.04.07:246][  0]LogConfig: Setting CVar [[r.Shadow.MaxResolution:2048]]
[2020.12.30-21.04.07:246][  0]LogConfig: Setting CVar [[r.Shadow.MaxCSMResolution:2048]]
[2020.12.30-21.04.07:246][  0]LogConfig: Setting CVar [[r.Shadow.RadiusThreshold:0.01]]
[2020.12.30-21.04.07:246][  0]LogConfig: Setting CVar [[r.Shadow.DistanceScale:1.0]]
[2020.12.30-21.04.07:246][  0]LogConfig: Setting CVar [[r.Shadow.CSM.TransitionScale:1.0]]
[2020.12.30-21.04.07:246][  0]LogConfig: Setting CVar [[r.Shadow.PreShadowResolutionFactor:1.0]]
[2020.12.30-21.04.07:246][  0]LogConfig: Setting CVar [[r.DistanceFieldShadowing:1]]
[2020.12.30-21.04.07:247][  0]LogConfig: Setting CVar [[r.DistanceFieldAO:1]]
[2020.12.30-21.04.07:247][  0]LogConfig: Setting CVar [[r.AOQuality:2]]
[2020.12.30-21.04.07:247][  0]LogConfig: Setting CVar [[r.VolumetricFog:1]]
[2020.12.30-21.04.07:247][  0]LogConfig: Setting CVar [[r.VolumetricFog.GridPixelSize:8]]
[2020.12.30-21.04.07:247][  0]LogConfig: Setting CVar [[r.VolumetricFog.GridSizeZ:128]]
[2020.12.30-21.04.07:247][  0]LogConfig: Setting CVar [[r.VolumetricFog.HistoryMissSupersampleCount:4]]
[2020.12.30-21.04.07:247][  0]LogConfig: Setting CVar [[r.LightMaxDrawDistanceScale:1]]
[2020.12.30-21.04.07:247][  0]LogConfig: Setting CVar [[r.CapsuleShadows:1]]
[2020.12.30-21.04.07:247][  0]LogConfig: Applying CVar settings from Section [PostProcessQuality@3] File [E:/Repos/UE4-AudioVisualizer/AudioVisualizer/Saved/Config/Windows/Scalability.ini]
[2020.12.30-21.04.07:247][  0]LogConfig: Setting CVar [[r.MotionBlurQuality:4]]
[2020.12.30-21.04.07:247][  0]LogConfig: Setting CVar [[r.AmbientOcclusionMipLevelFactor:0.4]]
[2020.12.30-21.04.07:247][  0]LogConfig: Setting CVar [[r.AmbientOcclusionMaxQuality:100]]
[2020.12.30-21.04.07:247][  0]LogConfig: Setting CVar [[r.AmbientOcclusionLevels:-1]]
[2020.12.30-21.04.07:247][  0]LogConfig: Setting CVar [[r.AmbientOcclusionRadiusScale:1.0]]
[2020.12.30-21.04.07:247][  0]LogConfig: Setting CVar [[r.DepthOfFieldQuality:2]]
[2020.12.30-21.04.07:247][  0]LogConfig: Setting CVar [[r.RenderTargetPoolMin:400]]
[2020.12.30-21.04.07:247][  0]LogConfig: Setting CVar [[r.LensFlareQuality:2]]
[2020.12.30-21.04.07:247][  0]LogConfig: Setting CVar [[r.SceneColorFringeQuality:1]]
[2020.12.30-21.04.07:247][  0]LogConfig: Setting CVar [[r.EyeAdaptationQuality:2]]
[2020.12.30-21.04.07:247][  0]LogConfig: Setting CVar [[r.BloomQuality:5]]
[2020.12.30-21.04.07:248][  0]LogConfig: Setting CVar [[r.FastBlurThreshold:100]]
[2020.12.30-21.04.07:248][  0]LogConfig: Setting CVar [[r.Upscale.Quality:3]]
[2020.12.30-21.04.07:248][  0]LogConfig: Setting CVar [[r.Tonemapper.GrainQuantization:1]]
[2020.12.30-21.04.07:248][  0]LogConfig: Setting CVar [[r.LightShaftQuality:1]]
[2020.12.30-21.04.07:248][  0]LogConfig: Setting CVar [[r.Filter.SizeScale:1]]
[2020.12.30-21.04.07:248][  0]LogConfig: Setting CVar [[r.Tonemapper.Quality:5]]
[2020.12.30-21.04.07:248][  0]LogConfig: Setting CVar [[r.DOF.Gather.AccumulatorQuality:1        ; higher gathering accumulator quality]]
[2020.12.30-21.04.07:248][  0]LogConfig: Setting CVar [[r.DOF.Gather.PostfilterMethod:1          ; Median3x3 postfilering method]]
[2020.12.30-21.04.07:248][  0]LogConfig: Setting CVar [[r.DOF.Gather.EnableBokehSettings:0       ; no bokeh simulation when gathering]]
[2020.12.30-21.04.07:248][  0]LogConfig: Setting CVar [[r.DOF.Gather.RingCount:4                 ; medium number of samples when gathering]]
[2020.12.30-21.04.07:248][  0]LogConfig: Setting CVar [[r.DOF.Scatter.ForegroundCompositing:1    ; additive foreground scattering]]
[2020.12.30-21.04.07:248][  0]LogConfig: Setting CVar [[r.DOF.Scatter.BackgroundCompositing:2    ; additive background scattering]]
[2020.12.30-21.04.07:248][  0]LogConfig: Setting CVar [[r.DOF.Scatter.EnableBokehSettings:1      ; bokeh simulation when scattering]]
[2020.12.30-21.04.07:248][  0]LogConfig: Setting CVar [[r.DOF.Scatter.MaxSpriteRatio:0.1         ; only a maximum of 10% of scattered bokeh]]
[2020.12.30-21.04.07:248][  0]LogConfig: Setting CVar [[r.DOF.Recombine.Quality:1                ; cheap slight out of focus]]
[2020.12.30-21.04.07:248][  0]LogConfig: Setting CVar [[r.DOF.Recombine.EnableBokehSettings:0    ; no bokeh simulation on slight out of focus]]
[2020.12.30-21.04.07:248][  0]LogConfig: Setting CVar [[r.DOF.TemporalAAQuality:1                ; more stable temporal accumulation]]
[2020.12.30-21.04.07:248][  0]LogConfig: Setting CVar [[r.DOF.Kernel.MaxForegroundRadius:0.025]]
[2020.12.30-21.04.07:249][  0]LogConfig: Setting CVar [[r.DOF.Kernel.MaxBackgroundRadius:0.025]]
[2020.12.30-21.04.07:249][  0]LogConfig: Applying CVar settings from Section [TextureQuality@3] File [E:/Repos/UE4-AudioVisualizer/AudioVisualizer/Saved/Config/Windows/Scalability.ini]
[2020.12.30-21.04.07:249][  0]LogConfig: Setting CVar [[r.Streaming.MipBias:0]]
[2020.12.30-21.04.07:249][  0]LogConfig: Setting CVar [[r.Streaming.AmortizeCPUToGPUCopy:0]]
[2020.12.30-21.04.07:249][  0]LogConfig: Setting CVar [[r.Streaming.MaxNumTexturesToStreamPerFrame:0]]
[2020.12.30-21.04.07:249][  0]LogConfig: Setting CVar [[r.Streaming.Boost:1]]
[2020.12.30-21.04.07:249][  0]LogConfig: Setting CVar [[r.MaxAnisotropy:8]]
[2020.12.30-21.04.07:249][  0]LogConfig: Setting CVar [[r.VT.MaxAnisotropy:8]]
[2020.12.30-21.04.07:249][  0]LogConfig: Setting CVar [[r.Streaming.LimitPoolSizeToVRAM:0]]
[2020.12.30-21.04.07:249][  0]LogConfig: Setting CVar [[r.Streaming.PoolSize:1000]]
[2020.12.30-21.04.07:249][  0]LogConfig: Setting CVar [[r.Streaming.MaxEffectiveScreenSize:0]]
[2020.12.30-21.04.07:249][  0]LogConfig: Applying CVar settings from Section [EffectsQuality@3] File [E:/Repos/UE4-AudioVisualizer/AudioVisualizer/Saved/Config/Windows/Scalability.ini]
[2020.12.30-21.04.07:249][  0]LogConfig: Setting CVar [[r.TranslucencyLightingVolumeDim:64]]
[2020.12.30-21.04.07:250][  0]LogConfig: Setting CVar [[r.RefractionQuality:2]]
[2020.12.30-21.04.07:250][  0]LogConfig: Setting CVar [[r.SSR.Quality:3]]
[2020.12.30-21.04.07:250][  0]LogConfig: Setting CVar [[r.SSR.HalfResSceneColor:0]]
[2020.12.30-21.04.07:250][  0]LogConfig: Setting CVar [[r.SceneColorFormat:4]]
[2020.12.30-21.04.07:250][  0]LogConfig: Setting CVar [[r.DetailMode:2]]
[2020.12.30-21.04.07:250][  0]LogConfig: Setting CVar [[r.TranslucencyVolumeBlur:1]]
[2020.12.30-21.04.07:250][  0]LogConfig: Setting CVar [[r.MaterialQualityLevel:1 ; High quality]]
[2020.12.30-21.04.07:250][  0]LogConfig: Setting CVar [[r.SSS.Scale:1]]
[2020.12.30-21.04.07:250][  0]LogConfig: Setting CVar [[r.SSS.SampleSet:2]]
[2020.12.30-21.04.07:250][  0]LogConfig: Setting CVar [[r.SSS.Quality:1]]
[2020.12.30-21.04.07:250][  0]LogConfig: Setting CVar [[r.SSS.HalfRes:1]]
[2020.12.30-21.04.07:250][  0]LogConfig: Setting CVar [[r.SSGI.Quality:3]]
[2020.12.30-21.04.07:250][  0]LogConfig: Setting CVar [[r.EmitterSpawnRateScale:1.0]]
[2020.12.30-21.04.07:250][  0]LogConfig: Setting CVar [[r.ParticleLightQuality:2]]
[2020.12.30-21.04.07:250][  0]LogConfig: Setting CVar [[r.SkyAtmosphere.AerialPerspectiveLUT.FastApplyOnOpaque:1 ; Always have FastSkyLUT 1 in this case to avoid wrong sky]]
[2020.12.30-21.04.07:250][  0]LogConfig: Setting CVar [[r.SkyAtmosphere.AerialPerspectiveLUT.SampleCountPerSlice:1]]
[2020.12.30-21.04.07:250][  0]LogConfig: Setting CVar [[r.SkyAtmosphere.AerialPerspectiveLUT.DepthResolution:16.0]]
[2020.12.30-21.04.07:250][  0]LogConfig: Setting CVar [[r.SkyAtmosphere.FastSkyLUT:1]]
[2020.12.30-21.04.07:250][  0]LogConfig: Setting CVar [[r.SkyAtmosphere.FastSkyLUT.SampleCountMin:4.0]]
[2020.12.30-21.04.07:251][  0]LogConfig: Setting CVar [[r.SkyAtmosphere.FastSkyLUT.SampleCountMax:32.0]]
[2020.12.30-21.04.07:251][  0]LogConfig: Setting CVar [[r.SkyAtmosphere.SampleCountMin:4.0]]
[2020.12.30-21.04.07:251][  0]LogConfig: Setting CVar [[r.SkyAtmosphere.SampleCountMax:32.0]]
[2020.12.30-21.04.07:251][  0]LogConfig: Setting CVar [[r.SkyAtmosphere.TransmittanceLUT.UseSmallFormat:0]]
[2020.12.30-21.04.07:251][  0]LogConfig: Setting CVar [[r.SkyAtmosphere.TransmittanceLUT.SampleCount:10.0]]
[2020.12.30-21.04.07:251][  0]LogConfig: Setting CVar [[r.SkyAtmosphere.MultiScatteringLUT.SampleCount:15.0]]
[2020.12.30-21.04.07:251][  0]LogConfig: Applying CVar settings from Section [FoliageQuality@3] File [E:/Repos/UE4-AudioVisualizer/AudioVisualizer/Saved/Config/Windows/Scalability.ini]
[2020.12.30-21.04.07:251][  0]LogConfig: Setting CVar [[foliage.DensityScale:1.0]]
[2020.12.30-21.04.07:251][  0]LogConfig: Setting CVar [[grass.DensityScale:1.0]]
[2020.12.30-21.04.07:251][  0]LogConfig: Applying CVar settings from Section [ShadingQuality@3] File [E:/Repos/UE4-AudioVisualizer/AudioVisualizer/Saved/Config/Windows/Scalability.ini]
[2020.12.30-21.04.07:251][  0]LogConfig: Setting CVar [[r.HairStrands.SkyLighting.SampleCount:16]]
[2020.12.30-21.04.07:251][  0]LogConfig: Setting CVar [[r.HairStrands.SkyLighting.JitterIntegration:0]]
[2020.12.30-21.04.07:251][  0]LogConfig: Setting CVar [[r.HairStrands.SkyAO.SampleCount:16]]
[2020.12.30-21.04.07:251][  0]LogConfig: Applying CVar settings from Section [Startup] File [../../../Engine/Config/ConsoleVariables.ini]
[2020.12.30-21.04.07:251][  0]LogConfig: Setting CVar [[net.UseAdaptiveNetUpdateFrequency:0]]
[2020.12.30-21.04.07:251][  0]LogConfig: Setting CVar [[p.chaos.AllowCreatePhysxBodies:1]]
[2020.12.30-21.04.07:251][  0]LogConfig: Applying CVar settings from Section [ConsoleVariables] File [E:/Repos/UE4-AudioVisualizer/AudioVisualizer/Saved/Config/Windows/Engine.ini]
[2020.12.30-21.04.07:251][  0]LogInit: Computer: DESKTOP-OUIKD1K
[2020.12.30-21.04.07:252][  0]LogInit: User: eheil
[2020.12.30-21.04.07:252][  0]LogInit: CPU Page size=4096, Cores=8
[2020.12.30-21.04.07:252][  0]LogInit: High frequency timer resolution =10.000000 MHz
[2020.12.30-21.04.07:252][  0]LogMemory: Memory total: Physical=32.0GB (32GB approx)
[2020.12.30-21.04.07:252][  0]LogMemory: Platform Memory Stats for Windows
[2020.12.30-21.04.07:252][  0]LogMemory: Process Physical Memory: 106.75 MB used, 106.76 MB peak
[2020.12.30-21.04.07:252][  0]LogMemory: Process Virtual Memory: 102.48 MB used, 102.48 MB peak
[2020.12.30-21.04.07:252][  0]LogMemory: Physical Memory: 9341.26 MB used,  23375.75 MB free, 32717.01 MB total
[2020.12.30-21.04.07:252][  0]LogMemory: Virtual Memory: 5179.39 MB used,  134212552.00 MB free, 134217728.00 MB total
[2020.12.30-21.04.07:257][  0]LogWindows: WindowsPlatformFeatures enabled
[2020.12.30-21.04.07:393][  0]LogInit: Using OS detected language (en-US).
[2020.12.30-21.04.07:393][  0]LogInit: Using OS detected locale (en-US).
[2020.12.30-21.04.07:394][  0]LogTextLocalizationManager: No specific localization for 'en-US' exists, so the 'en' localization will be used.
[2020.12.30-21.04.07:516][  0]LogInit: Setting process to per monitor DPI aware
[2020.12.30-21.04.07:554][  0]LogSlate: New Slate User Created.  User Index 0, Is Virtual User: 0
[2020.12.30-21.04.07:554][  0]LogSlate: Slate User Registered.  User Index 0, Is Virtual User: 0
[2020.12.30-21.04.07:661][  0]LogHMD: Failed to initialize OpenVR with code 110
[2020.12.30-21.04.07:661][  0]LogD3D11RHI: D3D11 min allowed feature level: 11_0
[2020.12.30-21.04.07:661][  0]LogD3D11RHI: D3D11 max allowed feature level: 11_0
[2020.12.30-21.04.07:661][  0]LogD3D11RHI: D3D11 adapters:
[2020.12.30-21.04.07:782][  0]LogD3D11RHI:    0. 'NVIDIA GeForce RTX 2080 Ti' (Feature Level 11_0)
[2020.12.30-21.04.07:782][  0]LogD3D11RHI:       11048/0/16358 MB DedicatedVideo/DedicatedSystem/SharedSystem, Outputs:2, VendorId:0x10de
[2020.12.30-21.04.07:785][  0]LogD3D11RHI:    1. 'Microsoft Basic Render Driver' (Feature Level 11_0)
[2020.12.30-21.04.07:785][  0]LogD3D11RHI:       0/0/16358 MB DedicatedVideo/DedicatedSystem/SharedSystem, Outputs:0, VendorId:0x1414
[2020.12.30-21.04.07:786][  0]LogD3D11RHI: Chosen D3D11 Adapter: 0
[2020.12.30-21.04.07:793][  0]LogD3D11RHI: Creating new Direct3DDevice
[2020.12.30-21.04.07:793][  0]LogD3D11RHI:     GPU DeviceId: 0x1e07 (for the marketing name, search the web for "GPU Device Id")
[2020.12.30-21.04.07:793][  0]LogWindows: EnumDisplayDevices:
[2020.12.30-21.04.07:793][  0]LogWindows:    0. 'NVIDIA GeForce RTX 2080 Ti' (P:1 D:1)
[2020.12.30-21.04.07:793][  0]LogWindows:    1. 'NVIDIA GeForce RTX 2080 Ti' (P:0 D:1)
[2020.12.30-21.04.07:793][  0]LogWindows:    2. 'NVIDIA GeForce RTX 2080 Ti' (P:0 D:0)
[2020.12.30-21.04.07:794][  0]LogWindows:    3. 'NVIDIA GeForce RTX 2080 Ti' (P:0 D:0)
[2020.12.30-21.04.07:794][  0]LogWindows: DebugString: FoundDriverCount:4 
[2020.12.30-21.04.07:794][  0]LogD3D11RHI:     Adapter Name: NVIDIA GeForce RTX 2080 Ti
[2020.12.30-21.04.07:794][  0]LogD3D11RHI:   Driver Version: 460.79 (internal:27.21.14.6079, unified:460.79)
[2020.12.30-21.04.07:794][  0]LogD3D11RHI:      Driver Date: 12-3-2020
[2020.12.30-21.04.07:794][  0]LogRHI: Texture pool is 7733 MB (70% of 11048 MB)
[2020.12.30-21.04.07:854][  0]LogD3D11RHI: RHI has support for 64 bit atomics
[2020.12.30-21.04.07:854][  0]LogD3D11RHI: Async texture creation enabled
[2020.12.30-21.04.07:878][  0]LogD3D11RHI: GPU Timing Frequency: 1000.000000 (Debug: 2 1)
[2020.12.30-21.04.08:074][  0]LogTargetPlatformManager: Display: Loaded TargetPlatform 'AllDesktop'
[2020.12.30-21.04.08:101][  0]LogTargetPlatformManager: Display: Loaded TargetPlatform 'Android'
[2020.12.30-21.04.08:101][  0]LogTargetPlatformManager: Display: Loaded TargetPlatform 'Android_ASTC'
[2020.12.30-21.04.08:101][  0]LogTargetPlatformManager: Display: Loaded TargetPlatform 'Android_ATC'
[2020.12.30-21.04.08:101][  0]LogTargetPlatformManager: Display: Loaded TargetPlatform 'Android_DXT'
[2020.12.30-21.04.08:101][  0]LogTargetPlatformManager: Display: Loaded TargetPlatform 'Android_ETC1'
[2020.12.30-21.04.08:101][  0]LogTargetPlatformManager: Display: Loaded TargetPlatform 'Android_ETC1a'
[2020.12.30-21.04.08:101][  0]LogTargetPlatformManager: Display: Loaded TargetPlatform 'Android_ETC2'
[2020.12.30-21.04.08:101][  0]LogTargetPlatformManager: Display: Loaded TargetPlatform 'Android_PVRTC'
[2020.12.30-21.04.08:101][  0]LogTargetPlatformManager: Display: Loaded TargetPlatform 'AndroidClient'
[2020.12.30-21.04.08:102][  0]LogTargetPlatformManager: Display: Loaded TargetPlatform 'Android_ASTCClient'
[2020.12.30-21.04.08:102][  0]LogTargetPlatformManager: Display: Loaded TargetPlatform 'Android_ATCClient'
[2020.12.30-21.04.08:102][  0]LogTargetPlatformManager: Display: Loaded TargetPlatform 'Android_DXTClient'
[2020.12.30-21.04.08:102][  0]LogTargetPlatformManager: Display: Loaded TargetPlatform 'Android_ETC1Client'
[2020.12.30-21.04.08:102][  0]LogTargetPlatformManager: Display: Loaded TargetPlatform 'Android_ETC1aClient'
[2020.12.30-21.04.08:102][  0]LogTargetPlatformManager: Display: Loaded TargetPlatform 'Android_ETC2Client'
[2020.12.30-21.04.08:102][  0]LogTargetPlatformManager: Display: Loaded TargetPlatform 'Android_PVRTCClient'
[2020.12.30-21.04.08:102][  0]LogTargetPlatformManager: Display: Loaded TargetPlatform 'Android_Multi'
[2020.12.30-21.04.08:102][  0]LogTargetPlatformManager: Display: Loaded TargetPlatform 'Android_MultiClient'
[2020.12.30-21.04.08:123][  0]LogTargetPlatformManager: Display: Loaded TargetPlatform 'IOSClient'
[2020.12.30-21.04.08:123][  0]LogTargetPlatformManager: Display: Loaded TargetPlatform 'IOS'
[2020.12.30-21.04.08:130][  0]LogTargetPlatformManager: Display: Loaded TargetPlatform 'LinuxNoEditor'
[2020.12.30-21.04.08:140][  0]LogTargetPlatformManager: Display: Loaded TargetPlatform 'LinuxClient'
[2020.12.30-21.04.08:147][  0]LogTargetPlatformManager: Display: Loaded TargetPlatform 'LinuxServer'
[2020.12.30-21.04.08:154][  0]LogTargetPlatformManager: Display: Loaded TargetPlatform 'LinuxAArch64NoEditor'
[2020.12.30-21.04.08:162][  0]LogTargetPlatformManager: Display: Loaded TargetPlatform 'LinuxAArch64Client'
[2020.12.30-21.04.08:169][  0]LogTargetPlatformManager: Display: Loaded TargetPlatform 'LinuxAArch64Server'
[2020.12.30-21.04.08:191][  0]LogTargetPlatformManager: Display: Loaded TargetPlatform 'Lumin'
[2020.12.30-21.04.08:191][  0]LogTargetPlatformManager: Display: Loaded TargetPlatform 'LuminClient'
[2020.12.30-21.04.08:204][  0]LogTargetPlatformManager: Display: Loaded TargetPlatform 'TVOSClient'
[2020.12.30-21.04.08:204][  0]LogTargetPlatformManager: Display: Loaded TargetPlatform 'TVOS'
[2020.12.30-21.04.08:211][  0]LogTargetPlatformManager: Display: Loaded TargetPlatform 'WindowsNoEditor'
[2020.12.30-21.04.08:219][  0]LogTargetPlatformManager: Display: Loaded TargetPlatform 'Windows'
[2020.12.30-21.04.08:226][  0]LogTargetPlatformManager: Display: Loaded TargetPlatform 'WindowsClient'
[2020.12.30-21.04.08:234][  0]LogTargetPlatformManager: Display: Loaded TargetPlatform 'WindowsServer'
[2020.12.30-21.04.08:234][  0]LogTargetPlatformManager: Display: Building Assets For Windows
[2020.12.30-21.04.08:241][  0]LogAudioDebug: Display: Lib vorbis DLL was dynamically loaded.
[2020.12.30-21.04.08:282][  0]LogShaderCompilers: Guid format shader working directory is 1 characters bigger than the processId version (E:/Repos/UE4-AudioVisualizer/AudioVisualizer/Intermediate/Shaders/WorkingDirectory/19188/).
[2020.12.30-21.04.08:282][  0]LogShaderCompilers: Cleaned the shader compiler working directory 'C:/Users/eheil/AppData/Local/Temp/UnrealShaderWorkingDir/883498DC46317EE8CEAEB2BB9A5C2FE1/'.
[2020.12.30-21.04.08:282][  0]LogXGEController: Cleaning working directory: C:/Users/eheil/AppData/Local/Temp/UnrealXGEWorkingDir/
[2020.12.30-21.04.08:282][  0]LogXGEController: Cannot use XGE Controller as Incredibuild is not installed on this machine.
[2020.12.30-21.04.08:283][  0]LogShaderCompilers: Cannot use XGE Shader Compiler as Incredibuild is not installed on this machine.
[2020.12.30-21.04.08:283][  0]LogShaderCompilers: Display: Using Local Shader Compiler.
[2020.12.30-21.04.08:874][  0]LogDerivedDataCache: Display: Max Cache Size: 512 MB
[2020.12.30-21.04.08:920][  0]LogDerivedDataCache: Loaded boot cache 0.05s 78MB C:/Users/eheil/AppData/Local/UnrealEngine/4.24/DerivedDataCache/Boot.ddc.
[2020.12.30-21.04.08:920][  0]LogDerivedDataCache: Display: Loaded Boot cache: C:/Users/eheil/AppData/Local/UnrealEngine/4.24/DerivedDataCache/Boot.ddc
[2020.12.30-21.04.08:920][  0]LogDerivedDataCache: FDerivedDataBackendGraph:  Pak pak cache file E:/Repos/UE4-AudioVisualizer/AudioVisualizer/DerivedDataCache/DDC.ddp not found, will not use a pak cache.
[2020.12.30-21.04.08:920][  0]LogDerivedDataCache: Unable to find inner node Pak for hierarchical cache Hierarchy.
[2020.12.30-21.04.08:920][  0]LogDerivedDataCache: FDerivedDataBackendGraph:  CompressedPak pak cache file E:/Repos/UE4-AudioVisualizer/AudioVisualizer/DerivedDataCache/Compressed.ddp not found, will not use a pak cache.
[2020.12.30-21.04.08:920][  0]LogDerivedDataCache: Unable to find inner node CompressedPak for hierarchical cache Hierarchy.
[2020.12.30-21.04.08:929][  0]LogDerivedDataCache: Display: Pak cache opened for reading ../../../Engine/DerivedDataCache/Compressed.ddp.
[2020.12.30-21.04.08:930][  0]LogDerivedDataCache: FDerivedDataBackendGraph:  EnterprisePak pak cache file ../../../Enterprise/DerivedDataCache/Compressed.ddp not found, will not use a pak cache.
[2020.12.30-21.04.08:930][  0]LogDerivedDataCache: Unable to find inner node EnterprisePak for hierarchical cache Hierarchy.
[2020.12.30-21.04.08:931][  0]LogDerivedDataCache: Using Local data cache path C:/Users/eheil/AppData/Local/UnrealEngine/Common/DerivedDataCache: Writable
[2020.12.30-21.04.08:932][  0]LogDerivedDataCache: Shared data cache path not found in *engine.ini, will not use an Shared cache.
[2020.12.30-21.04.08:932][  0]LogDerivedDataCache: Unable to find inner node Shared for hierarchical cache Hierarchy.
[2020.12.30-21.04.08:952][  0]LogMaterial: Verifying Global Shaders for PCD3D_SM5
[2020.12.30-21.04.08:955][  0]LogSlate: Using FreeType 2.10.0
[2020.12.30-21.04.08:955][  0]LogSlate: SlateFontServices - WITH_FREETYPE: 1, WITH_HARFBUZZ: 1
[2020.12.30-21.04.08:995][  0]LogAssetRegistry: FAssetRegistry took 0.0037 seconds to start up
[2020.12.30-21.04.09:227][  0]LogInit: Selected Device Profile: [Windows]
[2020.12.30-21.04.09:362][  0]LogMeshReduction: Using QuadricMeshReduction for automatic static mesh reduction
[2020.12.30-21.04.09:362][  0]LogMeshReduction: Using SimplygonMeshReduction for automatic skeletal mesh reduction
[2020.12.30-21.04.09:362][  0]LogMeshReduction: Using ProxyLODMeshReduction for automatic mesh merging
[2020.12.30-21.04.09:362][  0]LogMeshReduction: No distributed automatic mesh merging module available
[2020.12.30-21.04.09:362][  0]LogMeshMerging: No distributed automatic mesh merging module available
[2020.12.30-21.04.09:373][  0]LogNetVersion: AudioVisualizer 1.0.0, NetCL: 10570792, EngineNetVer: 13, GameNetVer: 0 (Checksum: 1248852129)
[2020.12.30-21.04.10:135][  0]LogPackageLocalizationCache: Processed 10 localized package path(s) for 1 prioritized culture(s) in 0.033544 seconds
[2020.12.30-21.04.10:143][  0]LogUObjectArray: 46750 objects as part of root set at end of initial load.
[2020.12.30-21.04.10:143][  0]LogUObjectAllocator: 8137160 out of 0 bytes used by permanent object pool.
[2020.12.30-21.04.10:143][  0]LogUObjectArray: CloseDisregardForGC: 0/0 objects in disregard for GC pool
[2020.12.30-21.04.10:587][  0]LogTcpMessaging: Initializing TcpMessaging bridge
[2020.12.30-21.04.10:592][  0]LogUdpMessaging: Initializing bridge on interface 0.0.0.0:0 to multicast group 230.0.0.1:6666.
[2020.12.30-21.04.10:693][  0]SourceControl: Source control is disabled
[2020.12.30-21.04.10:693][  0]SourceControl: Source control is disabled
[2020.12.30-21.04.10:695][  0]SourceControl: Source control is disabled
[2020.12.30-21.04.10:697][  0]SourceControl: Source control is disabled
[2020.12.30-21.04.10:699][  0]SourceControl: Source control is disabled
[2020.12.30-21.04.10:812][  0]LogAndroidPermission: UAndroidPermissionCallbackProxy::GetInstance
[2020.12.30-21.04.10:830][  0]LogAudioCaptureCore: Display: No Audio Capture implementations found. Audio input will be silent.
[2020.12.30-21.04.10:830][  0]LogAudioCaptureCore: Display: No Audio Capture implementations found. Audio input will be silent.
[2020.12.30-21.04.10:914][  0]LogOcInput: OculusInput pre-init called
[2020.12.30-21.04.10:924][  0]LogWindows: Failed to load 'OVRPlugin.dll' (GetLastError=126)
[2020.12.30-21.04.10:924][  0]LogWindows: File 'OVRPlugin.dll' does not exist
[2020.12.30-21.04.10:996][  0]LogEngine: Initializing Engine...
[2020.12.30-21.04.10:997][  0]LogHMD: Failed to initialize OpenVR with code 110
[2020.12.30-21.04.10:998][  0]LogStats: UGameplayTagsManager::InitializeManager -  0.000 s
[2020.12.30-21.04.11:258][  0]LogInit: Initializing FReadOnlyCVARCache
[2020.12.30-21.04.11:269][  0]LogAIModule: Creating AISystem for world Untitled
[2020.12.30-21.04.11:275][  0]LogAudioMixer: Display: Audio Mixer Platform Settings:
[2020.12.30-21.04.11:275][  0]LogAudioMixer: Display: 	Sample Rate:						  48000
[2020.12.30-21.04.11:275][  0]LogAudioMixer: Display: 	Callback Buffer Frame Size Requested: 1024
[2020.12.30-21.04.11:275][  0]LogAudioMixer: Display: 	Callback Buffer Frame Size To Use:	  1024
[2020.12.30-21.04.11:275][  0]LogAudioMixer: Display: 	Number of buffers to queue:			  2
[2020.12.30-21.04.11:275][  0]LogAudioMixer: Display: 	Max Channels (voices):				  32
[2020.12.30-21.04.11:275][  0]LogAudioMixer: Display: 	Number of Async Source Workers:		  0
[2020.12.30-21.04.11:275][  0]LogAudio: Display: AudioDevice MaxSources: 32
[2020.12.30-21.04.11:275][  0]LogAudio: Display: Using built-in audio occlusion.
[2020.12.30-21.04.11:275][  0]LogAudioMixer: Display: Initializing audio mixer.
[2020.12.30-21.04.11:349][  0]LogAudioMixer: Display: Audio Device Output Speaker Info:
[2020.12.30-21.04.11:349][  0]LogAudioMixer: Display: Name: Headphones (2- Elgato Wave:3)
[2020.12.30-21.04.11:349][  0]LogAudioMixer: Display: Is Default: Yes
[2020.12.30-21.04.11:349][  0]LogAudioMixer: Display: Sample Rate: 48000
[2020.12.30-21.04.11:349][  0]LogAudioMixer: Display: Channel Count Used: 2
[2020.12.30-21.04.11:349][  0]LogAudioMixer: Display: Device Channel Count: 2
[2020.12.30-21.04.11:349][  0]LogAudioMixer: Display: Channel Order:
[2020.12.30-21.04.11:349][  0]LogAudioMixer: Display: 0: FrontLeft
[2020.12.30-21.04.11:349][  0]LogAudioMixer: Display: 1: FrontRight
[2020.12.30-21.04.11:380][  0]LogAudioMixer: Display: Using Audio Device Headphones (2- Elgato Wave:3)
[2020.12.30-21.04.11:386][  0]LogInit: FAudioDevice initialized.
[2020.12.30-21.04.11:386][  0]LogNetVersion: Set ProjectVersion to 1.0.0.0. Version Checksum will be recalculated on next use.
[2020.12.30-21.04.11:429][  0]LogDerivedDataCache: Saved boot cache 0.04s 78MB C:/Users/eheil/AppData/Local/UnrealEngine/4.24/DerivedDataCache/Boot.ddc.
[2020.12.30-21.04.11:434][  0]LogInit: Texture streaming: Enabled
[2020.12.30-21.04.11:448][  0]LogEngineSessionManager: EngineSessionManager initialized
[2020.12.30-21.04.11:448][  0]LogEditorSessionSummary: Verbose: Initializing EditorSessionSummaryWriter for editor session tracking
[2020.12.30-21.04.11:449][  0]LogEditorSessionSummary: EditorSessionSummaryWriter initialized
[2020.12.30-21.04.11:486][  0]LogInit: Transaction tracking system initialized
[2020.12.30-21.04.11:501][  0]BlueprintLog: New page: Editor Load
[2020.12.30-21.04.11:543][  0]LocalizationService: Localization service is disabled
[2020.12.30-21.04.11:810][  0]LogFileCache: Scanning file cache for directory 'E:/Repos/UE4-AudioVisualizer/AudioVisualizer/Content/' took 0.00s
[2020.12.30-21.04.11:810][  0]LogCook: Display: Max memory allowance for cook 16384mb min free memory 0mb
[2020.12.30-21.04.11:810][  0]LogCook: Display: Mobile HDR setting 1
[2020.12.30-21.04.12:325][  0]SourceControl: Source control is disabled
[2020.12.30-21.04.12:325][  0]Cmd: MAP LOAD FILE="E:/Repos/UE4-AudioVisualizer/AudioVisualizer/Content/Maps/Test.umap" TEMPLATE=0 SHOWPROGRESS=1 FEATURELEVEL=3
[2020.12.30-21.04.12:325][  0]LightingResults: New page: Lighting Build
[2020.12.30-21.04.12:326][  0]LogWorld: UWorld::CleanupWorld for Untitled, bSessionEnded=true, bCleanupResources=true
[2020.12.30-21.04.12:326][  0]LogSlate: InvalidateAllWidgets triggered.  All widgets were invalidated
[2020.12.30-21.04.12:326][  0]MapCheck: New page: Map Check
[2020.12.30-21.04.12:326][  0]LightingResults: New page: Lighting Build
[2020.12.30-21.04.12:353][  0]LogUObjectHash: Compacting FUObjectHashTables data took   1.63ms
[2020.12.30-21.04.12:432][  0]LogAIModule: Creating AISystem for world Test
[2020.12.30-21.04.12:435][  0]LogEditorServer: Finished looking for orphan Actors (0.000 secs)
[2020.12.30-21.04.12:464][  0]LogUObjectHash: Compacting FUObjectHashTables data took   1.93ms
[2020.12.30-21.04.12:464][  0]Cmd: MAP CHECKDEP NOCLEARLOG
[2020.12.30-21.04.12:465][  0]MapCheck: Map check complete: 0 Error(s), 0 Warning(s), took 0.101ms to complete.
[2020.12.30-21.04.12:465][  0]LogFileHelpers: Loading map 'Test' took 0.140
[2020.12.30-21.04.12:577][  0]LogSlate: Updating window title bar state: overlay mode, drag disabled, window buttons hidden, title bar hidden
[2020.12.30-21.04.12:582][  0]LogSlate: Updating window title bar state: overlay mode, drag disabled, window buttons hidden, title bar hidden
[2020.12.30-21.04.12:587][  0]LogSlate: Updating window title bar state: overlay mode, drag disabled, window buttons hidden, title bar hidden
[2020.12.30-21.04.12:593][  0]LogSlate: Updating window title bar state: overlay mode, drag disabled, window buttons hidden, title bar hidden
[2020.12.30-21.04.12:598][  0]LogCollectionManager: Loaded 0 collections in 0.001618 seconds
[2020.12.30-21.04.12:613][  0]LogFileCache: Scanning file cache for directory 'E:/Repos/UE4-AudioVisualizer/AudioVisualizer/Saved/Collections/' took 0.00s
[2020.12.30-21.04.12:613][  0]LogFileCache: Scanning file cache for directory 'E:/Repos/UE4-AudioVisualizer/AudioVisualizer/Content/Developers/eheil/Collections/' took 0.00s
[2020.12.30-21.04.12:613][  0]LogFileCache: Scanning file cache for directory 'E:/Repos/UE4-AudioVisualizer/AudioVisualizer/Content/Collections/' took 0.00s
[2020.12.30-21.04.12:613][  0]LogContentBrowser: Native class hierarchy populated in 0.0078 seconds. Added 3019 classes and 723 folders.
[2020.12.30-21.04.12:615][  0]LogContentBrowser: Native class hierarchy updated for 'WidgetCarousel' in 0.0002 seconds. Added 0 classes and 0 folders.
[2020.12.30-21.04.12:649][  0]LogContentBrowser: Native class hierarchy updated for 'AddContentDialog' in 0.0003 seconds. Added 0 classes and 0 folders.
[2020.12.30-21.04.12:655][  0]LogContentBrowser: Native class hierarchy updated for 'SceneOutliner' in 0.0003 seconds. Added 2 classes and 3 folders.
[2020.12.30-21.04.12:680][  0]LogSlate: Took 0.000143 seconds to synchronously load lazily loaded font '../../../Engine/Content/Slate/Fonts/Roboto-Regular.ttf' (155K)
[2020.12.30-21.04.12:681][  0]LogSlate: Took 0.000129 seconds to synchronously load lazily loaded font '../../../Engine/Content/Slate/Fonts/Roboto-Bold.ttf' (160K)
[2020.12.30-21.04.12:685][  0]LogSlate: Took 0.000123 seconds to synchronously load lazily loaded font '../../../Engine/Content/Editor/Slate/Fonts/FontAwesome.ttf' (139K)
[2020.12.30-21.04.12:741][  0]LogRenderer: Reallocating scene render targets to support 1616x808 Format 10 NumSamples 1 (Frame:1).
[2020.12.30-21.04.12:891][  0]LogContentBrowser: Native class hierarchy updated for 'HierarchicalLODOutliner' in 0.0003 seconds. Added 0 classes and 0 folders.
[2020.12.30-21.04.12:892][  0]LogLoad: (Engine Initialization) Total time: 6.74 seconds
[2020.12.30-21.04.12:892][  0]LogLoad: (Engine Initialization) Total Blueprint compile time: 0.00 seconds
[2020.12.30-21.04.12:926][  0]LogAssetRegistry: Asset discovery search completed in 3.9327 seconds
[2020.12.30-21.04.12:929][  0]LogCollectionManager: Fixed up redirectors for 0 collections in 0.000007 seconds (updated 0 objects)
[2020.12.30-21.04.12:930][  0]LogContentStreaming: Texture pool size now 1000 MB
[2020.12.30-21.04.12:969][  1]LogActor: Warning: BP_Cube_C /Engine/Transient.World_0:PersistentLevel.BP_Cube_C_0 has natively added scene component(s), but none of them were set as the actor's RootComponent - picking one arbitrarily
[2020.12.30-21.04.15:820][335]LogTemp: Repeating last play command: Simulate
[2020.12.30-21.04.15:832][335]LogPlayLevel: PlayLevel: No blueprints needed recompiling
[2020.12.30-21.04.15:832][335]PIE: New page: SIE session: Test (Dec 30, 2020, 11:04:15 AM)
[2020.12.30-21.04.15:834][335]LogOnline: OSS: Creating online subsystem instance for: NULL
[2020.12.30-21.04.15:836][335]LogOnline: OSS: TryLoadSubsystemAndSetDefault: Loaded subsystem for module [NULL]
[2020.12.30-21.04.15:836][335]LogPlayLevel: Creating play world package: /Game/Maps/UEDPIE_0_Test
[2020.12.30-21.04.15:838][335]LogPlayLevel: PIE: StaticDuplicateObject took: (0.001943s)
[2020.12.30-21.04.15:839][335]LogAIModule: Creating AISystem for world Test
[2020.12.30-21.04.15:839][335]LogPlayLevel: PIE: World Init took: (0.000979s)
[2020.12.30-21.04.15:839][335]LogPlayLevel: PIE: Created PIE world by copying editor world from /Game/Maps/Test.Test to /Game/Maps/UEDPIE_0_Test.Test (0.003211s)
[2020.12.30-21.04.15:863][335]LogUObjectHash: Compacting FUObjectHashTables data took   1.36ms
[2020.12.30-21.04.15:864][335]LogAudioMixer: Display: Audio Mixer Platform Settings:
[2020.12.30-21.04.15:864][335]LogAudioMixer: Display: 	Sample Rate:						  48000
[2020.12.30-21.04.15:864][335]LogAudioMixer: Display: 	Callback Buffer Frame Size Requested: 1024
[2020.12.30-21.04.15:864][335]LogAudioMixer: Display: 	Callback Buffer Frame Size To Use:	  1024
[2020.12.30-21.04.15:864][335]LogAudioMixer: Display: 	Number of buffers to queue:			  2
[2020.12.30-21.04.15:864][335]LogAudioMixer: Display: 	Max Channels (voices):				  32
[2020.12.30-21.04.15:864][335]LogAudioMixer: Display: 	Number of Async Source Workers:		  0
[2020.12.30-21.04.15:864][335]LogAudio: Display: AudioDevice MaxSources: 32
[2020.12.30-21.04.15:865][335]LogAudio: Display: Using built-in audio occlusion.
[2020.12.30-21.04.15:865][335]LogAudioMixer: Display: Initializing audio mixer.
[2020.12.30-21.04.15:930][335]LogAudioMixer: Display: Audio Device Output Speaker Info:
[2020.12.30-21.04.15:930][335]LogAudioMixer: Display: Name: Headphones (2- Elgato Wave:3)
[2020.12.30-21.04.15:930][335]LogAudioMixer: Display: Is Default: Yes
[2020.12.30-21.04.15:930][335]LogAudioMixer: Display: Sample Rate: 48000
[2020.12.30-21.04.15:930][335]LogAudioMixer: Display: Channel Count Used: 2
[2020.12.30-21.04.15:930][335]LogAudioMixer: Display: Device Channel Count: 2
[2020.12.30-21.04.15:930][335]LogAudioMixer: Display: Channel Order:
[2020.12.30-21.04.15:931][335]LogAudioMixer: Display: 0: FrontLeft
[2020.12.30-21.04.15:931][335]LogAudioMixer: Display: 1: FrontRight
[2020.12.30-21.04.15:945][335]LogAudioMixer: Display: Using Audio Device Headphones (2- Elgato Wave:3)
[2020.12.30-21.04.15:948][335]LogInit: FAudioDevice initialized.
[2020.12.30-21.04.15:959][335]LogLoad: Game class is 'GameModeBase'
[2020.12.30-21.04.15:960][335]LogWorld: Bringing World /Game/Maps/UEDPIE_0_Test.Test up for play (max tick rate 0) at 2020.12.30-16.04.15
[2020.12.30-21.04.15:960][335]LogWorld: Bringing up level for play took: 0.000478
[2020.12.30-21.04.15:961][335]LogOnline: OSS: Creating online subsystem instance for: :Context_2
[2020.12.30-21.04.15:964][335]LogContentBrowser: Native class hierarchy updated for 'MovieSceneCapture' in 0.0004 seconds. Added 20 classes and 0 folders.
[2020.12.30-21.04.15:964][335]LogActor: Warning: BP_Cube_C /Game/Maps/UEDPIE_0_Test.Test:PersistentLevel.BP_Cube_C_0 has natively added scene component(s), but none of them were set as the actor's RootComponent - picking one arbitrarily
[2020.12.30-21.04.15:964][335]LogActor: Warning: BP_Cube_C /Game/Maps/UEDPIE_0_Test.Test:PersistentLevel.BP_Cube_C_1 has natively added scene component(s), but none of them were set as the actor's RootComponent - picking one arbitrarily
[2020.12.30-21.04.15:964][335]LogActor: Warning: BP_Cube_C /Game/Maps/UEDPIE_0_Test.Test:PersistentLevel.BP_Cube_C_2 has natively added scene component(s), but none of them were set as the actor's RootComponent - picking one arbitrarily
[2020.12.30-21.04.15:964][335]LogActor: Warning: BP_Cube_C /Game/Maps/UEDPIE_0_Test.Test:PersistentLevel.BP_Cube_C_3 has natively added scene component(s), but none of them were set as the actor's RootComponent - picking one arbitrarily
[2020.12.30-21.04.15:964][335]LogActor: Warning: BP_Cube_C /Game/Maps/UEDPIE_0_Test.Test:PersistentLevel.BP_Cube_C_4 has natively added scene component(s), but none of them were set as the actor's RootComponent - picking one arbitrarily
[2020.12.30-21.04.15:965][335]LogActor: Warning: BP_Cube_C /Game/Maps/UEDPIE_0_Test.Test:PersistentLevel.BP_Cube_C_5 has natively added scene component(s), but none of them were set as the actor's RootComponent - picking one arbitrarily
[2020.12.30-21.04.15:965][335]LogActor: Warning: BP_Cube_C /Game/Maps/UEDPIE_0_Test.Test:PersistentLevel.BP_Cube_C_6 has natively added scene component(s), but none of them were set as the actor's RootComponent - picking one arbitrarily
[2020.12.30-21.04.15:965][335]LogActor: Warning: BP_Cube_C /Game/Maps/UEDPIE_0_Test.Test:PersistentLevel.BP_Cube_C_7 has natively added scene component(s), but none of them were set as the actor's RootComponent - picking one arbitrarily
[2020.12.30-21.04.15:965][335]LogActor: Warning: BP_Cube_C /Game/Maps/UEDPIE_0_Test.Test:PersistentLevel.BP_Cube_C_8 has natively added scene component(s), but none of them were set as the actor's RootComponent - picking one arbitrarily
[2020.12.30-21.04.15:965][335]PIE: Play in editor start time for /Game/Maps/UEDPIE_0_Test -0.448
[2020.12.30-21.04.17:724][542]LogEditorViewport: Clicking on Actor (LMB): BP_Cube_C (BP_Cube3)
[2020.12.30-21.04.23:681][227]LogAudioMixer: Display: No commands were queued while flushing the source manager.
[2020.12.30-21.04.23:689][227]LogAudioMixer: Display: Flush succeeded in the source manager command queue (1).
[2020.12.30-21.04.23:709][227]LogAudioMixer: Display: Flush succeeded the source manager command queue (2).
[2020.12.30-21.04.23:710][227]LogSlate: Updating window title bar state: overlay mode, drag disabled, window buttons hidden, title bar hidden
[2020.12.30-21.04.23:710][227]LogWorld: BeginTearingDown for /Game/Maps/UEDPIE_0_Test
[2020.12.30-21.04.23:711][227]LogAudioMixer: Display: No commands were queued while flushing the source manager.
[2020.12.30-21.04.23:711][227]LogWorld: UWorld::CleanupWorld for Test, bSessionEnded=true, bCleanupResources=true
[2020.12.30-21.04.23:711][227]LogSlate: InvalidateAllWidgets triggered.  All widgets were invalidated
[2020.12.30-21.04.23:723][227]LogPlayLevel: Display: Shutting down PIE online subsystems
[2020.12.30-21.04.23:726][227]LogSlate: InvalidateAllWidgets triggered.  All widgets were invalidated
[2020.12.30-21.04.23:750][227]LogAudioMixer: Display: No commands were queued while flushing the source manager.
[2020.12.30-21.04.23:753][227]LogSlate: Updating window title bar state: overlay mode, drag disabled, window buttons hidden, title bar hidden
[2020.12.30-21.04.23:755][227]LogUObjectHash: Compacting FUObjectHashTables data took   1.53ms
[2020.12.30-21.04.23:782][230]LogPlayLevel: Display: Destroying online subsystem :Context_2
[2020.12.30-21.04.27:339][656]LogSlate: Took 0.000167 seconds to synchronously load lazily loaded font '../../../Engine/Content/Slate/Fonts/Roboto-Light.ttf' (167K)
[2020.12.30-21.04.27:350][656]LogAssetEditorSubsystem: Opening Asset editor for Blueprint /Game/Blueprints/BP_EQControler.BP_EQControler
[2020.12.30-21.04.27:445][656]LogContentBrowser: Native class hierarchy updated for 'BlueprintGraph' in 0.0005 seconds. Added 121 classes and 0 folders.
[2020.12.30-21.04.28:082][656]LogActor: Warning: BP_EQControler_C /Engine/Transient.World_3:PersistentLevel.BP_EQControler_C_0 has natively added scene component(s), but none of them were set as the actor's RootComponent - picking one arbitrarily
[2020.12.30-21.04.28:085][656]LogSlate: Took 0.000188 seconds to synchronously load lazily loaded font '../../../Engine/Content/Slate/Fonts/Roboto-BoldCondensed.ttf' (158K)
[2020.12.30-21.04.28:117][657]LogSlate: Took 0.000167 seconds to synchronously load lazily loaded font '../../../Engine/Content/Slate/Fonts/Roboto-Italic.ttf' (157K)
[2020.12.30-21.04.55:447][918]BlueprintLog: New page: Compile BP_EQControler
[2020.12.30-21.04.55:450][918]LogActor: Warning: BP_EQControler_C /Game/Maps/Test.Test:PersistentLevel.BP_EQControler_2 has natively added scene component(s), but none of them were set as the actor's RootComponent - picking one arbitrarily
[2020.12.30-21.04.55:452][918]LogActor: Warning: BP_EQControler_C /Engine/Transient.World_3:PersistentLevel.BP_EQControler_C_0 has natively added scene component(s), but none of them were set as the actor's RootComponent - picking one arbitrarily
[2020.12.30-21.04.55:645][918]LogUObjectHash: Compacting FUObjectHashTables data took   3.17ms
[2020.12.30-21.04.56:233][986]Cmd: OBJ SAVEPACKAGE PACKAGE="/Game/Blueprints/BP_EQControler" FILE="E:/Repos/UE4-AudioVisualizer/AudioVisualizer/Content/Blueprints/BP_EQControler.uasset" SILENT=true
[2020.12.30-21.04.56:245][986]LogSavePackage: Moving 'E:/Repos/UE4-AudioVisualizer/AudioVisualizer/Saved/BP_EQControler6B08C6534E90460F3472CA8F4F03077C.tmp' to 'E:/Repos/UE4-AudioVisualizer/AudioVisualizer/Content/Blueprints/BP_EQControler.uasset'
[2020.12.30-21.04.56:258][986]AssetCheck: New page: Asset Save: BP_EQControler
[2020.12.30-21.04.56:258][986]LogContentValidation: Display: Validating Blueprint /Game/Blueprints/BP_EQControler.BP_EQControler
[2020.12.30-21.05.02:164][686]BlueprintLog: New page: Compile BP_EQControler
[2020.12.30-21.05.02:167][686]LogActor: Warning: BP_EQControler_C /Game/Maps/Test.Test:PersistentLevel.BP_EQControler_2 has natively added scene component(s), but none of them were set as the actor's RootComponent - picking one arbitrarily
[2020.12.30-21.05.02:167][686]LogActor: Warning: BP_EQControler_C /Engine/Transient.World_3:PersistentLevel.BP_EQControler_C_0 has natively added scene component(s), but none of them were set as the actor's RootComponent - picking one arbitrarily
[2020.12.30-21.05.02:357][686]LogUObjectHash: Compacting FUObjectHashTables data took   3.70ms
[2020.12.30-21.05.02:838][741]Cmd: OBJ SAVEPACKAGE PACKAGE="/Game/Blueprints/BP_EQControler" FILE="E:/Repos/UE4-AudioVisualizer/AudioVisualizer/Content/Blueprints/BP_EQControler.uasset" SILENT=true
[2020.12.30-21.05.02:849][741]LogSavePackage: Moving 'E:/Repos/UE4-AudioVisualizer/AudioVisualizer/Saved/BP_EQControlerCEC1353647410C40BBEB968154F22AB2.tmp' to 'E:/Repos/UE4-AudioVisualizer/AudioVisualizer/Content/Blueprints/BP_EQControler.uasset'
[2020.12.30-21.05.02:861][741]AssetCheck: New page: Asset Save: BP_EQControler
[2020.12.30-21.05.02:861][741]LogContentValidation: Display: Validating Blueprint /Game/Blueprints/BP_EQControler.BP_EQControler
